{"/Users/hari/Source/kollavarsham/kv/kollavarsham-js/lib/index.js":{"path":"/Users/hari/Source/kollavarsham/kv/kollavarsham-js/lib/index.js","statementMap":{"0":{"start":{"line":3,"column":0},"end":{"line":5,"column":3}},"1":{"start":{"line":6,"column":0},"end":{"line":6,"column":25}},"2":{"start":{"line":8,"column":20},"end":{"line":8,"column":72}},"3":{"start":{"line":10,"column":24},"end":{"line":10,"column":86}},"4":{"start":{"line":12,"column":16},"end":{"line":12,"column":70}},"5":{"start":{"line":14,"column":39},"end":{"line":14,"column":93}},"6":{"start":{"line":16,"column":50},"end":{"line":16,"column":151}},"7":{"start":{"line":16,"column":92},"end":{"line":16,"column":149}},"8":{"start":{"line":18,"column":44},"end":{"line":18,"column":315}},"9":{"start":{"line":18,"column":102},"end":{"line":18,"column":110}},"10":{"start":{"line":18,"column":112},"end":{"line":18,"column":167}},"11":{"start":{"line":18,"column":168},"end":{"line":18,"column":199}},"12":{"start":{"line":18,"column":200},"end":{"line":18,"column":254}},"13":{"start":{"line":18,"column":227},"end":{"line":18,"column":254}},"14":{"start":{"line":18,"column":255},"end":{"line":18,"column":313}},"15":{"start":{"line":20,"column":62},"end":{"line":20,"column":131}},"16":{"start":{"line":20,"column":78},"end":{"line":20,"column":131}},"17":{"start":{"line":20,"column":132},"end":{"line":20,"column":193}},"18":{"start":{"line":20,"column":149},"end":{"line":20,"column":193}},"19":{"start":{"line":20,"column":194},"end":{"line":20,"column":213}},"20":{"start":{"line":52,"column":0},"end":{"line":229,"column":3}},"21":{"start":{"line":54,"column":15},"end":{"line":54,"column":85}},"22":{"start":{"line":55,"column":22},"end":{"line":55,"column":33}},"23":{"start":{"line":56,"column":17},"end":{"line":56,"column":72}},"24":{"start":{"line":57,"column":24},"end":{"line":57,"column":37}},"25":{"start":{"line":58,"column":19},"end":{"line":58,"column":66}},"26":{"start":{"line":59,"column":25},"end":{"line":59,"column":39}},"27":{"start":{"line":60,"column":20},"end":{"line":60,"column":69}},"28":{"start":{"line":62,"column":4},"end":{"line":62,"column":40}},"29":{"start":{"line":69,"column":4},"end":{"line":73,"column":6}},"30":{"start":{"line":97,"column":2},"end":{"line":226,"column":6}},"31":{"start":{"line":100,"column":6},"end":{"line":100,"column":27}},"32":{"start":{"line":121,"column":6},"end":{"line":121,"column":36}},"33":{"start":{"line":140,"column":6},"end":{"line":140,"column":40}},"34":{"start":{"line":159,"column":6},"end":{"line":159,"column":42}},"35":{"start":{"line":179,"column":25},"end":{"line":179,"column":65}},"36":{"start":{"line":180,"column":6},"end":{"line":180,"column":46}},"37":{"start":{"line":200,"column":6},"end":{"line":200,"column":81}},"38":{"start":{"line":219,"column":6},"end":{"line":221,"column":7}},"39":{"start":{"line":220,"column":8},"end":{"line":220,"column":94}},"40":{"start":{"line":223,"column":25},"end":{"line":223,"column":65}},"41":{"start":{"line":224,"column":6},"end":{"line":224,"column":56}},"42":{"start":{"line":228,"column":2},"end":{"line":228,"column":22}},"43":{"start":{"line":248,"column":0},"end":{"line":248,"column":58}},"44":{"start":{"line":265,"column":0},"end":{"line":265,"column":42}},"45":{"start":{"line":266,"column":15},"end":{"line":266,"column":27}},"46":{"start":{"line":267,"column":0},"end":{"line":267,"column":27}},"47":{"start":{"line":268,"column":0},"end":{"line":268,"column":33}}},"fnMap":{"0":{"name":"_interopRequireDefault","decl":{"start":{"line":14,"column":9},"end":{"line":14,"column":31}},"loc":{"start":{"line":14,"column":37},"end":{"line":14,"column":95}},"line":14},"1":{"name":"_classCallCheck","decl":{"start":{"line":16,"column":9},"end":{"line":16,"column":24}},"loc":{"start":{"line":16,"column":48},"end":{"line":16,"column":153}},"line":16},"2":{"name":"_defineProperties","decl":{"start":{"line":18,"column":9},"end":{"line":18,"column":26}},"loc":{"start":{"line":18,"column":42},"end":{"line":18,"column":317}},"line":18},"3":{"name":"_createClass","decl":{"start":{"line":20,"column":9},"end":{"line":20,"column":21}},"loc":{"start":{"line":20,"column":60},"end":{"line":20,"column":215}},"line":20},"4":{"name":"(anonymous_4)","decl":{"start":{"line":52,"column":0},"end":{"line":52,"column":1}},"loc":{"start":{"line":52,"column":12},"end":{"line":229,"column":1}},"line":52},"5":{"name":"Kollavarsham","decl":{"start":{"line":53,"column":11},"end":{"line":53,"column":23}},"loc":{"start":{"line":53,"column":26},"end":{"line":74,"column":3}},"line":53},"6":{"name":"getSettings","decl":{"start":{"line":99,"column":20},"end":{"line":99,"column":31}},"loc":{"start":{"line":99,"column":34},"end":{"line":101,"column":5}},"line":99},"7":{"name":"setSystem","decl":{"start":{"line":120,"column":20},"end":{"line":120,"column":29}},"loc":{"start":{"line":120,"column":38},"end":{"line":122,"column":5}},"line":120},"8":{"name":"setLatitude","decl":{"start":{"line":139,"column":20},"end":{"line":139,"column":31}},"loc":{"start":{"line":139,"column":42},"end":{"line":141,"column":5}},"line":139},"9":{"name":"setLongitude","decl":{"start":{"line":158,"column":20},"end":{"line":158,"column":32}},"loc":{"start":{"line":158,"column":44},"end":{"line":160,"column":5}},"line":158},"10":{"name":"fromGregorianDate","decl":{"start":{"line":178,"column":20},"end":{"line":178,"column":37}},"loc":{"start":{"line":178,"column":44},"end":{"line":181,"column":5}},"line":178},"11":{"name":"toGregorianDate","decl":{"start":{"line":198,"column":20},"end":{"line":198,"column":35}},"loc":{"start":{"line":198,"column":42},"end":{"line":201,"column":5}},"line":198},"12":{"name":"toGregorianDateFromSaka","decl":{"start":{"line":215,"column":20},"end":{"line":215,"column":43}},"loc":{"start":{"line":215,"column":54},"end":{"line":225,"column":5}},"line":215}},"branchMap":{"0":{"loc":{"start":{"line":14,"column":46},"end":{"line":14,"column":92}},"type":"cond-expr","locations":[{"start":{"line":14,"column":70},"end":{"line":14,"column":73}},{"start":{"line":14,"column":76},"end":{"line":14,"column":92}}],"line":14},"1":{"loc":{"start":{"line":14,"column":46},"end":{"line":14,"column":67}},"type":"binary-expr","locations":[{"start":{"line":14,"column":46},"end":{"line":14,"column":49}},{"start":{"line":14,"column":53},"end":{"line":14,"column":67}}],"line":14},"2":{"loc":{"start":{"line":16,"column":50},"end":{"line":16,"column":151}},"type":"if","locations":[{"start":{"line":16,"column":50},"end":{"line":16,"column":151}},{"start":{"line":16,"column":50},"end":{"line":16,"column":151}}],"line":16},"3":{"loc":{"start":{"line":18,"column":136},"end":{"line":18,"column":166}},"type":"binary-expr","locations":[{"start":{"line":18,"column":136},"end":{"line":18,"column":157}},{"start":{"line":18,"column":161},"end":{"line":18,"column":166}}],"line":18},"4":{"loc":{"start":{"line":18,"column":200},"end":{"line":18,"column":254}},"type":"if","locations":[{"start":{"line":18,"column":200},"end":{"line":18,"column":254}},{"start":{"line":18,"column":200},"end":{"line":18,"column":254}}],"line":18},"5":{"loc":{"start":{"line":20,"column":62},"end":{"line":20,"column":131}},"type":"if","locations":[{"start":{"line":20,"column":62},"end":{"line":20,"column":131}},{"start":{"line":20,"column":62},"end":{"line":20,"column":131}}],"line":20},"6":{"loc":{"start":{"line":20,"column":132},"end":{"line":20,"column":193}},"type":"if","locations":[{"start":{"line":20,"column":132},"end":{"line":20,"column":193}},{"start":{"line":20,"column":132},"end":{"line":20,"column":193}}],"line":20},"7":{"loc":{"start":{"line":54,"column":15},"end":{"line":54,"column":85}},"type":"cond-expr","locations":[{"start":{"line":54,"column":68},"end":{"line":54,"column":80}},{"start":{"line":54,"column":83},"end":{"line":54,"column":85}}],"line":54},"8":{"loc":{"start":{"line":54,"column":15},"end":{"line":54,"column":65}},"type":"binary-expr","locations":[{"start":{"line":54,"column":15},"end":{"line":54,"column":35}},{"start":{"line":54,"column":39},"end":{"line":54,"column":65}}],"line":54},"9":{"loc":{"start":{"line":56,"column":17},"end":{"line":56,"column":72}},"type":"cond-expr","locations":[{"start":{"line":56,"column":42},"end":{"line":56,"column":58}},{"start":{"line":56,"column":61},"end":{"line":56,"column":72}}],"line":56},"10":{"loc":{"start":{"line":58,"column":19},"end":{"line":58,"column":66}},"type":"cond-expr","locations":[{"start":{"line":58,"column":46},"end":{"line":58,"column":50}},{"start":{"line":58,"column":53},"end":{"line":58,"column":66}}],"line":58},"11":{"loc":{"start":{"line":60,"column":20},"end":{"line":60,"column":69}},"type":"cond-expr","locations":[{"start":{"line":60,"column":48},"end":{"line":60,"column":52}},{"start":{"line":60,"column":55},"end":{"line":60,"column":69}}],"line":60},"12":{"loc":{"start":{"line":219,"column":6},"end":{"line":221,"column":7}},"type":"if","locations":[{"start":{"line":219,"column":6},"end":{"line":221,"column":7}},{"start":{"line":219,"column":6},"end":{"line":221,"column":7}}],"line":219}},"s":{"0":1,"1":1,"2":1,"3":1,"4":1,"5":3,"6":19,"7":0,"8":1,"9":7,"10":7,"11":7,"12":7,"13":7,"14":7,"15":1,"16":1,"17":1,"18":0,"19":1,"20":1,"21":19,"22":19,"23":19,"24":19,"25":19,"26":19,"27":19,"28":19,"29":19,"30":1,"31":10,"32":1,"33":1,"34":1,"35":4,"36":4,"37":1,"38":4,"39":1,"40":3,"41":3,"42":1,"43":1,"44":1,"45":1,"46":1,"47":1},"f":{"0":3,"1":19,"2":1,"3":1,"4":1,"5":19,"6":10,"7":1,"8":1,"9":1,"10":4,"11":1,"12":4},"b":{"0":[0,3],"1":[3,3],"2":[0,19],"3":[7,7],"4":[7,0],"5":[1,0],"6":[0,1],"7":[1,18],"8":[19,1],"9":[18,1],"10":[18,1],"11":[18,1],"12":[1,3]},"_coverageSchema":"43e27e138ebf9cfc5966b082cf9a028302ed4184","hash":"104ccd9659a7930ed3a40170513293053c1c7f9c","contentHash":"08967d7575b901bd4a1fcba8384a9dea"},"/Users/hari/Source/kollavarsham/kv/kollavarsham-js/lib/calculations.js":{"path":"/Users/hari/Source/kollavarsham/kv/kollavarsham-js/lib/calculations.js","statementMap":{"0":{"start":{"line":3,"column":0},"end":{"line":5,"column":3}},"1":{"start":{"line":6,"column":0},"end":{"line":6,"column":25}},"2":{"start":{"line":8,"column":16},"end":{"line":8,"column":64}},"3":{"start":{"line":10,"column":13},"end":{"line":10,"column":68}},"4":{"start":{"line":12,"column":18},"end":{"line":12,"column":74}},"5":{"start":{"line":14,"column":24},"end":{"line":14,"column":86}},"6":{"start":{"line":16,"column":18},"end":{"line":16,"column":68}},"7":{"start":{"line":18,"column":16},"end":{"line":18,"column":70}},"8":{"start":{"line":20,"column":39},"end":{"line":20,"column":93}},"9":{"start":{"line":22,"column":50},"end":{"line":22,"column":151}},"10":{"start":{"line":22,"column":92},"end":{"line":22,"column":149}},"11":{"start":{"line":24,"column":44},"end":{"line":24,"column":315}},"12":{"start":{"line":24,"column":102},"end":{"line":24,"column":110}},"13":{"start":{"line":24,"column":112},"end":{"line":24,"column":167}},"14":{"start":{"line":24,"column":168},"end":{"line":24,"column":199}},"15":{"start":{"line":24,"column":200},"end":{"line":24,"column":254}},"16":{"start":{"line":24,"column":227},"end":{"line":24,"column":254}},"17":{"start":{"line":24,"column":255},"end":{"line":24,"column":313}},"18":{"start":{"line":26,"column":62},"end":{"line":26,"column":131}},"19":{"start":{"line":26,"column":78},"end":{"line":26,"column":131}},"20":{"start":{"line":26,"column":132},"end":{"line":26,"column":193}},"21":{"start":{"line":26,"column":149},"end":{"line":26,"column":193}},"22":{"start":{"line":26,"column":194},"end":{"line":26,"column":213}},"23":{"start":{"line":28,"column":13},"end":{"line":31,"column":1}},"24":{"start":{"line":41,"column":0},"end":{"line":192,"column":3}},"25":{"start":{"line":43,"column":4},"end":{"line":43,"column":40}},"26":{"start":{"line":45,"column":4},"end":{"line":45,"column":40}},"27":{"start":{"line":46,"column":4},"end":{"line":46,"column":38}},"28":{"start":{"line":47,"column":4},"end":{"line":47,"column":57}},"29":{"start":{"line":48,"column":4},"end":{"line":48,"column":58}},"30":{"start":{"line":51,"column":2},"end":{"line":189,"column":6}},"31":{"start":{"line":54,"column":17},"end":{"line":54,"column":44}},"32":{"start":{"line":56,"column":22},"end":{"line":56,"column":79}},"33":{"start":{"line":58,"column":21},"end":{"line":58,"column":69}},"34":{"start":{"line":61,"column":37},"end":{"line":61,"column":41}},"35":{"start":{"line":63,"column":21},"end":{"line":63,"column":100}},"36":{"start":{"line":66,"column":34},"end":{"line":66,"column":88}},"37":{"start":{"line":68,"column":32},"end":{"line":68,"column":108}},"38":{"start":{"line":69,"column":6},"end":{"line":69,"column":55}},"39":{"start":{"line":70,"column":6},"end":{"line":70,"column":45}},"40":{"start":{"line":72,"column":6},"end":{"line":72,"column":22}},"41":{"start":{"line":77,"column":6},"end":{"line":77,"column":38}},"42":{"start":{"line":80,"column":22},"end":{"line":80,"column":63}},"43":{"start":{"line":82,"column":6},"end":{"line":82,"column":28}},"44":{"start":{"line":84,"column":27},"end":{"line":84,"column":92}},"45":{"start":{"line":85,"column":6},"end":{"line":85,"column":33}},"46":{"start":{"line":87,"column":34},"end":{"line":87,"column":100}},"47":{"start":{"line":88,"column":24},"end":{"line":88,"column":57}},"48":{"start":{"line":89,"column":26},"end":{"line":89,"column":61}},"49":{"start":{"line":91,"column":34},"end":{"line":91,"column":80}},"50":{"start":{"line":92,"column":31},"end":{"line":92,"column":71}},"51":{"start":{"line":93,"column":31},"end":{"line":93,"column":71}},"52":{"start":{"line":96,"column":18},"end":{"line":96,"column":81}},"53":{"start":{"line":99,"column":37},"end":{"line":99,"column":96}},"54":{"start":{"line":100,"column":37},"end":{"line":100,"column":96}},"55":{"start":{"line":102,"column":20},"end":{"line":102,"column":94}},"56":{"start":{"line":105,"column":21},"end":{"line":105,"column":80}},"57":{"start":{"line":107,"column":21},"end":{"line":107,"column":59}},"58":{"start":{"line":109,"column":21},"end":{"line":109,"column":60}},"59":{"start":{"line":110,"column":18},"end":{"line":110,"column":49}},"60":{"start":{"line":111,"column":6},"end":{"line":111,"column":60}},"61":{"start":{"line":113,"column":34},"end":{"line":113,"column":95}},"62":{"start":{"line":114,"column":22},"end":{"line":114,"column":53}},"63":{"start":{"line":115,"column":24},"end":{"line":115,"column":57}},"64":{"start":{"line":117,"column":21},"end":{"line":117,"column":78}},"65":{"start":{"line":118,"column":6},"end":{"line":118,"column":73}},"66":{"start":{"line":119,"column":6},"end":{"line":119,"column":71}},"67":{"start":{"line":121,"column":6},"end":{"line":121,"column":43}},"68":{"start":{"line":122,"column":6},"end":{"line":122,"column":37}},"69":{"start":{"line":123,"column":6},"end":{"line":123,"column":41}},"70":{"start":{"line":124,"column":6},"end":{"line":124,"column":76}},"71":{"start":{"line":125,"column":6},"end":{"line":125,"column":35}},"72":{"start":{"line":126,"column":6},"end":{"line":126,"column":108}},"73":{"start":{"line":127,"column":6},"end":{"line":127,"column":71}},"74":{"start":{"line":128,"column":6},"end":{"line":128,"column":41}},"75":{"start":{"line":129,"column":6},"end":{"line":129,"column":45}},"76":{"start":{"line":130,"column":6},"end":{"line":130,"column":22}},"77":{"start":{"line":135,"column":21},"end":{"line":135,"column":60}},"78":{"start":{"line":136,"column":6},"end":{"line":136,"column":49}},"79":{"start":{"line":142,"column":6},"end":{"line":142,"column":75}},"80":{"start":{"line":144,"column":6},"end":{"line":144,"column":41}},"81":{"start":{"line":152,"column":21},"end":{"line":152,"column":34}},"82":{"start":{"line":153,"column":20},"end":{"line":153,"column":34}},"83":{"start":{"line":154,"column":21},"end":{"line":154,"column":35}},"84":{"start":{"line":155,"column":18},"end":{"line":155,"column":32}},"85":{"start":{"line":157,"column":6},"end":{"line":159,"column":7}},"86":{"start":{"line":158,"column":8},"end":{"line":158,"column":23}},"87":{"start":{"line":161,"column":21},"end":{"line":161,"column":59}},"88":{"start":{"line":163,"column":21},"end":{"line":163,"column":78}},"89":{"start":{"line":165,"column":22},"end":{"line":165,"column":69}},"90":{"start":{"line":167,"column":6},"end":{"line":167,"column":23}},"91":{"start":{"line":169,"column":23},"end":{"line":169,"column":73}},"92":{"start":{"line":171,"column":6},"end":{"line":173,"column":7}},"93":{"start":{"line":172,"column":8},"end":{"line":172,"column":106}},"94":{"start":{"line":177,"column":29},"end":{"line":177,"column":60}},"95":{"start":{"line":178,"column":6},"end":{"line":178,"column":50}},"96":{"start":{"line":179,"column":6},"end":{"line":179,"column":45}},"97":{"start":{"line":180,"column":6},"end":{"line":180,"column":43}},"98":{"start":{"line":181,"column":6},"end":{"line":181,"column":43}},"99":{"start":{"line":182,"column":6},"end":{"line":182,"column":30}},"100":{"start":{"line":187,"column":6},"end":{"line":187,"column":55}},"101":{"start":{"line":191,"column":2},"end":{"line":191,"column":22}},"102":{"start":{"line":194,"column":15},"end":{"line":194,"column":27}},"103":{"start":{"line":195,"column":0},"end":{"line":195,"column":27}},"104":{"start":{"line":196,"column":0},"end":{"line":196,"column":33}}},"fnMap":{"0":{"name":"_interopRequireDefault","decl":{"start":{"line":20,"column":9},"end":{"line":20,"column":31}},"loc":{"start":{"line":20,"column":37},"end":{"line":20,"column":95}},"line":20},"1":{"name":"_classCallCheck","decl":{"start":{"line":22,"column":9},"end":{"line":22,"column":24}},"loc":{"start":{"line":22,"column":48},"end":{"line":22,"column":153}},"line":22},"2":{"name":"_defineProperties","decl":{"start":{"line":24,"column":9},"end":{"line":24,"column":26}},"loc":{"start":{"line":24,"column":42},"end":{"line":24,"column":317}},"line":24},"3":{"name":"_createClass","decl":{"start":{"line":26,"column":9},"end":{"line":26,"column":21}},"loc":{"start":{"line":26,"column":60},"end":{"line":26,"column":215}},"line":26},"4":{"name":"(anonymous_4)","decl":{"start":{"line":41,"column":0},"end":{"line":41,"column":1}},"loc":{"start":{"line":41,"column":12},"end":{"line":192,"column":1}},"line":41},"5":{"name":"Calculations","decl":{"start":{"line":42,"column":11},"end":{"line":42,"column":23}},"loc":{"start":{"line":42,"column":34},"end":{"line":49,"column":3}},"line":42},"6":{"name":"fromGregorianToSaka","decl":{"start":{"line":53,"column":20},"end":{"line":53,"column":39}},"loc":{"start":{"line":53,"column":55},"end":{"line":73,"column":5}},"line":53},"7":{"name":"celestialCalculations","decl":{"start":{"line":76,"column":20},"end":{"line":76,"column":41}},"loc":{"start":{"line":76,"column":90},"end":{"line":131,"column":5}},"line":76},"8":{"name":"fromGregorian","decl":{"start":{"line":134,"column":20},"end":{"line":134,"column":33}},"loc":{"start":{"line":134,"column":49},"end":{"line":137,"column":5}},"line":134},"9":{"name":"toGregorian","decl":{"start":{"line":140,"column":20},"end":{"line":140,"column":31}},"loc":{"start":{"line":140,"column":50},"end":{"line":145,"column":5}},"line":140},"10":{"name":"toGregorianFromSaka","decl":{"start":{"line":148,"column":20},"end":{"line":148,"column":39}},"loc":{"start":{"line":148,"column":50},"end":{"line":183,"column":5}},"line":148},"11":{"name":"getPaksa","decl":{"start":{"line":186,"column":20},"end":{"line":186,"column":28}},"loc":{"start":{"line":186,"column":36},"end":{"line":188,"column":5}},"line":186}},"branchMap":{"0":{"loc":{"start":{"line":20,"column":46},"end":{"line":20,"column":92}},"type":"cond-expr","locations":[{"start":{"line":20,"column":70},"end":{"line":20,"column":73}},{"start":{"line":20,"column":76},"end":{"line":20,"column":92}}],"line":20},"1":{"loc":{"start":{"line":20,"column":46},"end":{"line":20,"column":67}},"type":"binary-expr","locations":[{"start":{"line":20,"column":46},"end":{"line":20,"column":49}},{"start":{"line":20,"column":53},"end":{"line":20,"column":67}}],"line":20},"2":{"loc":{"start":{"line":22,"column":50},"end":{"line":22,"column":151}},"type":"if","locations":[{"start":{"line":22,"column":50},"end":{"line":22,"column":151}},{"start":{"line":22,"column":50},"end":{"line":22,"column":151}}],"line":22},"3":{"loc":{"start":{"line":24,"column":136},"end":{"line":24,"column":166}},"type":"binary-expr","locations":[{"start":{"line":24,"column":136},"end":{"line":24,"column":157}},{"start":{"line":24,"column":161},"end":{"line":24,"column":166}}],"line":24},"4":{"loc":{"start":{"line":24,"column":200},"end":{"line":24,"column":254}},"type":"if","locations":[{"start":{"line":24,"column":200},"end":{"line":24,"column":254}},{"start":{"line":24,"column":200},"end":{"line":24,"column":254}}],"line":24},"5":{"loc":{"start":{"line":26,"column":62},"end":{"line":26,"column":131}},"type":"if","locations":[{"start":{"line":26,"column":62},"end":{"line":26,"column":131}},{"start":{"line":26,"column":62},"end":{"line":26,"column":131}}],"line":26},"6":{"loc":{"start":{"line":26,"column":132},"end":{"line":26,"column":193}},"type":"if","locations":[{"start":{"line":26,"column":132},"end":{"line":26,"column":193}},{"start":{"line":26,"column":132},"end":{"line":26,"column":193}}],"line":26},"7":{"loc":{"start":{"line":111,"column":17},"end":{"line":111,"column":59}},"type":"cond-expr","locations":[{"start":{"line":111,"column":34},"end":{"line":111,"column":48}},{"start":{"line":111,"column":51},"end":{"line":111,"column":59}}],"line":111},"8":{"loc":{"start":{"line":157,"column":6},"end":{"line":159,"column":7}},"type":"if","locations":[{"start":{"line":157,"column":6},"end":{"line":159,"column":7}},{"start":{"line":157,"column":6},"end":{"line":159,"column":7}}],"line":157},"9":{"loc":{"start":{"line":171,"column":6},"end":{"line":173,"column":7}},"type":"if","locations":[{"start":{"line":171,"column":6},"end":{"line":173,"column":7}},{"start":{"line":171,"column":6},"end":{"line":173,"column":7}}],"line":171},"10":{"loc":{"start":{"line":187,"column":13},"end":{"line":187,"column":54}},"type":"cond-expr","locations":[{"start":{"line":187,"column":27},"end":{"line":187,"column":39}},{"start":{"line":187,"column":42},"end":{"line":187,"column":54}}],"line":187}},"s":{"0":1,"1":1,"2":1,"3":1,"4":1,"5":1,"6":1,"7":1,"8":6,"9":12,"10":0,"11":2,"12":6,"13":6,"14":6,"15":6,"16":6,"17":6,"18":1,"19":1,"20":1,"21":1,"22":1,"23":1,"24":1,"25":12,"26":12,"27":12,"28":12,"29":12,"30":1,"31":7,"32":7,"33":7,"34":7,"35":7,"36":7,"37":7,"38":7,"39":7,"40":7,"41":14,"42":14,"43":14,"44":14,"45":14,"46":14,"47":14,"48":14,"49":14,"50":14,"51":14,"52":14,"53":14,"54":14,"55":14,"56":14,"57":14,"58":14,"59":14,"60":14,"61":14,"62":14,"63":14,"64":14,"65":14,"66":14,"67":14,"68":14,"69":14,"70":14,"71":14,"72":14,"73":14,"74":14,"75":14,"76":14,"77":4,"78":4,"79":1,"80":1,"81":3,"82":3,"83":3,"84":3,"85":3,"86":1,"87":3,"88":3,"89":3,"90":3,"91":3,"92":3,"93":1,"94":3,"95":3,"96":3,"97":3,"98":3,"99":3,"100":18,"101":1,"102":1,"103":1,"104":1},"f":{"0":6,"1":12,"2":2,"3":1,"4":1,"5":12,"6":7,"7":14,"8":4,"9":1,"10":3,"11":18},"b":{"0":[0,6],"1":[6,6],"2":[0,12],"3":[6,6],"4":[6,0],"5":[1,0],"6":[1,0],"7":[10,4],"8":[1,2],"9":[1,2],"10":[12,6]},"_coverageSchema":"43e27e138ebf9cfc5966b082cf9a028302ed4184","hash":"b4ffbce536b8e3df8d46ecb241cb4f0f41db8e8f","contentHash":"a51aa7224a1f4af07622333582663c26"},"/Users/hari/Source/kollavarsham/kv/kollavarsham-js/lib/calendar.js":{"path":"/Users/hari/Source/kollavarsham/kv/kollavarsham-js/lib/calendar.js","statementMap":{"0":{"start":{"line":3,"column":0},"end":{"line":5,"column":3}},"1":{"start":{"line":6,"column":0},"end":{"line":6,"column":25}},"2":{"start":{"line":8,"column":18},"end":{"line":8,"column":74}},"3":{"start":{"line":10,"column":18},"end":{"line":10,"column":68}},"4":{"start":{"line":12,"column":39},"end":{"line":12,"column":93}},"5":{"start":{"line":14,"column":50},"end":{"line":14,"column":151}},"6":{"start":{"line":14,"column":92},"end":{"line":14,"column":149}},"7":{"start":{"line":16,"column":44},"end":{"line":16,"column":315}},"8":{"start":{"line":16,"column":102},"end":{"line":16,"column":110}},"9":{"start":{"line":16,"column":112},"end":{"line":16,"column":167}},"10":{"start":{"line":16,"column":168},"end":{"line":16,"column":199}},"11":{"start":{"line":16,"column":200},"end":{"line":16,"column":254}},"12":{"start":{"line":16,"column":227},"end":{"line":16,"column":254}},"13":{"start":{"line":16,"column":255},"end":{"line":16,"column":313}},"14":{"start":{"line":18,"column":62},"end":{"line":18,"column":131}},"15":{"start":{"line":18,"column":78},"end":{"line":18,"column":131}},"16":{"start":{"line":18,"column":132},"end":{"line":18,"column":193}},"17":{"start":{"line":18,"column":149},"end":{"line":18,"column":193}},"18":{"start":{"line":18,"column":194},"end":{"line":18,"column":213}},"19":{"start":{"line":21,"column":16},"end":{"line":29,"column":1}},"20":{"start":{"line":39,"column":0},"end":{"line":536,"column":3}},"21":{"start":{"line":41,"column":4},"end":{"line":41,"column":36}},"22":{"start":{"line":43,"column":4},"end":{"line":43,"column":31}},"23":{"start":{"line":46,"column":2},"end":{"line":533,"column":6}},"24":{"start":{"line":50,"column":6},"end":{"line":50,"column":45}},"25":{"start":{"line":51,"column":6},"end":{"line":51,"column":18}},"26":{"start":{"line":64,"column":6},"end":{"line":64,"column":58}},"27":{"start":{"line":69,"column":6},"end":{"line":69,"column":126}},"28":{"start":{"line":74,"column":23},"end":{"line":74,"column":46}},"29":{"start":{"line":76,"column":22},"end":{"line":76,"column":142}},"30":{"start":{"line":79,"column":24},"end":{"line":79,"column":46}},"31":{"start":{"line":81,"column":19},"end":{"line":81,"column":50}},"32":{"start":{"line":83,"column":19},"end":{"line":83,"column":115}},"33":{"start":{"line":86,"column":6},"end":{"line":86,"column":29}},"34":{"start":{"line":91,"column":18},"end":{"line":91,"column":52}},"35":{"start":{"line":92,"column":27},"end":{"line":92,"column":61}},"36":{"start":{"line":94,"column":6},"end":{"line":105,"column":7}},"37":{"start":{"line":95,"column":8},"end":{"line":95,"column":30}},"38":{"start":{"line":97,"column":27},"end":{"line":97,"column":79}},"39":{"start":{"line":98,"column":8},"end":{"line":98,"column":77}},"40":{"start":{"line":100,"column":8},"end":{"line":104,"column":9}},"41":{"start":{"line":101,"column":10},"end":{"line":101,"column":66}},"42":{"start":{"line":103,"column":10},"end":{"line":103,"column":67}},"43":{"start":{"line":110,"column":6},"end":{"line":110,"column":82}},"44":{"start":{"line":112,"column":29},"end":{"line":112,"column":83}},"45":{"start":{"line":113,"column":32},"end":{"line":113,"column":110}},"46":{"start":{"line":115,"column":6},"end":{"line":123,"column":7}},"47":{"start":{"line":116,"column":8},"end":{"line":116,"column":50}},"48":{"start":{"line":117,"column":8},"end":{"line":117,"column":52}},"49":{"start":{"line":118,"column":8},"end":{"line":118,"column":49}},"50":{"start":{"line":120,"column":8},"end":{"line":120,"column":59}},"51":{"start":{"line":121,"column":8},"end":{"line":121,"column":61}},"52":{"start":{"line":122,"column":8},"end":{"line":122,"column":54}},"53":{"start":{"line":125,"column":26},"end":{"line":125,"column":81}},"54":{"start":{"line":126,"column":6},"end":{"line":126,"column":67}},"55":{"start":{"line":127,"column":6},"end":{"line":127,"column":103}},"56":{"start":{"line":138,"column":36},"end":{"line":138,"column":94}},"57":{"start":{"line":139,"column":39},"end":{"line":139,"column":101}},"58":{"start":{"line":140,"column":6},"end":{"line":140,"column":97}},"59":{"start":{"line":141,"column":6},"end":{"line":141,"column":103}},"60":{"start":{"line":143,"column":6},"end":{"line":147,"column":7}},"61":{"start":{"line":145,"column":8},"end":{"line":145,"column":53}},"62":{"start":{"line":146,"column":8},"end":{"line":146,"column":20}},"63":{"start":{"line":149,"column":6},"end":{"line":149,"column":19}},"64":{"start":{"line":158,"column":6},"end":{"line":158,"column":56}},"65":{"start":{"line":160,"column":6},"end":{"line":172,"column":7}},"66":{"start":{"line":161,"column":8},"end":{"line":161,"column":16}},"67":{"start":{"line":162,"column":29},"end":{"line":162,"column":79}},"68":{"start":{"line":163,"column":8},"end":{"line":163,"column":71}},"69":{"start":{"line":164,"column":8},"end":{"line":164,"column":34}},"70":{"start":{"line":166,"column":36},"end":{"line":166,"column":92}},"71":{"start":{"line":167,"column":24},"end":{"line":167,"column":55}},"72":{"start":{"line":168,"column":26},"end":{"line":168,"column":59}},"73":{"start":{"line":170,"column":8},"end":{"line":170,"column":26}},"74":{"start":{"line":171,"column":8},"end":{"line":171,"column":30}},"75":{"start":{"line":174,"column":6},"end":{"line":177,"column":8}},"76":{"start":{"line":185,"column":6},"end":{"line":187,"column":7}},"77":{"start":{"line":186,"column":8},"end":{"line":186,"column":89}},"78":{"start":{"line":189,"column":17},"end":{"line":189,"column":32}},"79":{"start":{"line":190,"column":19},"end":{"line":190,"column":36}},"80":{"start":{"line":191,"column":6},"end":{"line":191,"column":46}},"81":{"start":{"line":199,"column":17},"end":{"line":199,"column":35}},"82":{"start":{"line":200,"column":18},"end":{"line":200,"column":37}},"83":{"start":{"line":201,"column":16},"end":{"line":201,"column":30}},"84":{"start":{"line":203,"column":6},"end":{"line":206,"column":7}},"85":{"start":{"line":204,"column":8},"end":{"line":204,"column":18}},"86":{"start":{"line":205,"column":8},"end":{"line":205,"column":20}},"87":{"start":{"line":208,"column":22},"end":{"line":208,"column":135}},"88":{"start":{"line":210,"column":6},"end":{"line":216,"column":7}},"89":{"start":{"line":211,"column":8},"end":{"line":211,"column":23}},"90":{"start":{"line":213,"column":8},"end":{"line":215,"column":9}},"91":{"start":{"line":214,"column":10},"end":{"line":214,"column":25}},"92":{"start":{"line":218,"column":6},"end":{"line":220,"column":7}},"93":{"start":{"line":219,"column":8},"end":{"line":219,"column":109}},"94":{"start":{"line":222,"column":6},"end":{"line":222,"column":23}},"95":{"start":{"line":227,"column":14},"end":{"line":227,"column":60}},"96":{"start":{"line":229,"column":14},"end":{"line":229,"column":58}},"97":{"start":{"line":231,"column":14},"end":{"line":231,"column":26}},"98":{"start":{"line":233,"column":14},"end":{"line":233,"column":98}},"99":{"start":{"line":235,"column":14},"end":{"line":235,"column":30}},"100":{"start":{"line":237,"column":14},"end":{"line":237,"column":57}},"101":{"start":{"line":239,"column":14},"end":{"line":239,"column":50}},"102":{"start":{"line":241,"column":16},"end":{"line":241,"column":63}},"103":{"start":{"line":243,"column":18},"end":{"line":243,"column":32}},"104":{"start":{"line":244,"column":17},"end":{"line":244,"column":37}},"105":{"start":{"line":245,"column":6},"end":{"line":245,"column":55}},"106":{"start":{"line":250,"column":14},"end":{"line":250,"column":31}},"107":{"start":{"line":252,"column":14},"end":{"line":252,"column":56}},"108":{"start":{"line":254,"column":14},"end":{"line":254,"column":67}},"109":{"start":{"line":256,"column":14},"end":{"line":256,"column":62}},"110":{"start":{"line":258,"column":14},"end":{"line":258,"column":63}},"111":{"start":{"line":260,"column":14},"end":{"line":260,"column":53}},"112":{"start":{"line":262,"column":14},"end":{"line":262,"column":50}},"113":{"start":{"line":264,"column":16},"end":{"line":264,"column":145}},"114":{"start":{"line":266,"column":18},"end":{"line":266,"column":62}},"115":{"start":{"line":268,"column":17},"end":{"line":268,"column":69}},"116":{"start":{"line":270,"column":19},"end":{"line":270,"column":49}},"117":{"start":{"line":272,"column":6},"end":{"line":274,"column":7}},"118":{"start":{"line":273,"column":8},"end":{"line":273,"column":33}},"119":{"start":{"line":276,"column":6},"end":{"line":276,"column":20}},"120":{"start":{"line":282,"column":6},"end":{"line":282,"column":124}},"121":{"start":{"line":287,"column":6},"end":{"line":287,"column":35}},"122":{"start":{"line":292,"column":6},"end":{"line":292,"column":34}},"123":{"start":{"line":297,"column":6},"end":{"line":297,"column":29}},"124":{"start":{"line":302,"column":6},"end":{"line":302,"column":29}},"125":{"start":{"line":307,"column":6},"end":{"line":307,"column":82}},"126":{"start":{"line":312,"column":15},"end":{"line":312,"column":74}},"127":{"start":{"line":314,"column":15},"end":{"line":314,"column":74}},"128":{"start":{"line":316,"column":6},"end":{"line":316,"column":78}},"129":{"start":{"line":321,"column":20},"end":{"line":321,"column":78}},"130":{"start":{"line":323,"column":6},"end":{"line":325,"column":7}},"131":{"start":{"line":324,"column":8},"end":{"line":324,"column":21}},"132":{"start":{"line":327,"column":6},"end":{"line":327,"column":36}},"133":{"start":{"line":328,"column":6},"end":{"line":328,"column":21}},"134":{"start":{"line":333,"column":6},"end":{"line":333,"column":93}},"135":{"start":{"line":338,"column":6},"end":{"line":367,"column":8}},"136":{"start":{"line":372,"column":6},"end":{"line":385,"column":8}},"137":{"start":{"line":390,"column":6},"end":{"line":531,"column":8}},"138":{"start":{"line":535,"column":2},"end":{"line":535,"column":18}},"139":{"start":{"line":538,"column":15},"end":{"line":538,"column":23}},"140":{"start":{"line":539,"column":0},"end":{"line":539,"column":27}},"141":{"start":{"line":540,"column":0},"end":{"line":540,"column":33}}},"fnMap":{"0":{"name":"_interopRequireDefault","decl":{"start":{"line":12,"column":9},"end":{"line":12,"column":31}},"loc":{"start":{"line":12,"column":37},"end":{"line":12,"column":95}},"line":12},"1":{"name":"_classCallCheck","decl":{"start":{"line":14,"column":9},"end":{"line":14,"column":24}},"loc":{"start":{"line":14,"column":48},"end":{"line":14,"column":153}},"line":14},"2":{"name":"_defineProperties","decl":{"start":{"line":16,"column":9},"end":{"line":16,"column":26}},"loc":{"start":{"line":16,"column":42},"end":{"line":16,"column":317}},"line":16},"3":{"name":"_createClass","decl":{"start":{"line":18,"column":9},"end":{"line":18,"column":21}},"loc":{"start":{"line":18,"column":60},"end":{"line":18,"column":215}},"line":18},"4":{"name":"(anonymous_4)","decl":{"start":{"line":39,"column":0},"end":{"line":39,"column":1}},"loc":{"start":{"line":39,"column":12},"end":{"line":536,"column":1}},"line":39},"5":{"name":"Calendar","decl":{"start":{"line":40,"column":11},"end":{"line":40,"column":19}},"loc":{"start":{"line":40,"column":31},"end":{"line":44,"column":3}},"line":40},"6":{"name":"nextDate","decl":{"start":{"line":48,"column":20},"end":{"line":48,"column":28}},"loc":{"start":{"line":48,"column":35},"end":{"line":52,"column":5}},"line":48},"7":{"name":"julianInEngland","decl":{"start":{"line":55,"column":20},"end":{"line":55,"column":35}},"loc":{"start":{"line":55,"column":47},"end":{"line":65,"column":5}},"line":55},"8":{"name":"aharganaToKali","decl":{"start":{"line":68,"column":20},"end":{"line":68,"column":34}},"loc":{"start":{"line":68,"column":45},"end":{"line":70,"column":5}},"line":68},"9":{"name":"kaliToAhargana","decl":{"start":{"line":73,"column":20},"end":{"line":73,"column":34}},"loc":{"start":{"line":73,"column":64},"end":{"line":87,"column":5}},"line":73},"10":{"name":"findSamkranti","decl":{"start":{"line":90,"column":20},"end":{"line":90,"column":33}},"loc":{"start":{"line":90,"column":63},"end":{"line":106,"column":5}},"line":90},"11":{"name":"calculateSamkranti","decl":{"start":{"line":109,"column":20},"end":{"line":109,"column":38}},"loc":{"start":{"line":109,"column":60},"end":{"line":128,"column":5}},"line":109},"12":{"name":"isTodaySauraMasaFirst","decl":{"start":{"line":131,"column":20},"end":{"line":131,"column":41}},"loc":{"start":{"line":131,"column":63},"end":{"line":150,"column":5}},"line":131},"13":{"name":"getSauraMasaAndSauraDivasa","decl":{"start":{"line":153,"column":20},"end":{"line":153,"column":46}},"loc":{"start":{"line":153,"column":68},"end":{"line":178,"column":5}},"line":153},"14":{"name":"timeIntoFractionalDay","decl":{"start":{"line":181,"column":20},"end":{"line":181,"column":41}},"loc":{"start":{"line":181,"column":48},"end":{"line":192,"column":5}},"line":181},"15":{"name":"gregorianDateToJulianDay","decl":{"start":{"line":195,"column":20},"end":{"line":195,"column":44}},"loc":{"start":{"line":195,"column":51},"end":{"line":223,"column":5}},"line":195},"16":{"name":"julianDayToJulianDate","decl":{"start":{"line":226,"column":20},"end":{"line":226,"column":41}},"loc":{"start":{"line":226,"column":53},"end":{"line":246,"column":5}},"line":226},"17":{"name":"julianDayToGregorianDate","decl":{"start":{"line":249,"column":20},"end":{"line":249,"column":44}},"loc":{"start":{"line":249,"column":56},"end":{"line":277,"column":5}},"line":249},"18":{"name":"julianDayToModernDate","decl":{"start":{"line":280,"column":20},"end":{"line":280,"column":41}},"loc":{"start":{"line":280,"column":53},"end":{"line":283,"column":5}},"line":280},"19":{"name":"julianDayToAhargana","decl":{"start":{"line":286,"column":20},"end":{"line":286,"column":39}},"loc":{"start":{"line":286,"column":51},"end":{"line":288,"column":5}},"line":286},"20":{"name":"aharganaToJulianDay","decl":{"start":{"line":291,"column":20},"end":{"line":291,"column":39}},"loc":{"start":{"line":291,"column":50},"end":{"line":293,"column":5}},"line":291},"21":{"name":"kaliToSaka","decl":{"start":{"line":296,"column":20},"end":{"line":296,"column":30}},"loc":{"start":{"line":296,"column":41},"end":{"line":298,"column":5}},"line":296},"22":{"name":"sakaToKali","decl":{"start":{"line":301,"column":20},"end":{"line":301,"column":30}},"loc":{"start":{"line":301,"column":41},"end":{"line":303,"column":5}},"line":301},"23":{"name":"julianDayToWeekday","decl":{"start":{"line":306,"column":20},"end":{"line":306,"column":38}},"loc":{"start":{"line":306,"column":50},"end":{"line":308,"column":5}},"line":306},"24":{"name":"getAdhimasa","decl":{"start":{"line":311,"column":20},"end":{"line":311,"column":31}},"loc":{"start":{"line":311,"column":84},"end":{"line":317,"column":5}},"line":311},"25":{"name":"getMasaNum","decl":{"start":{"line":320,"column":20},"end":{"line":320,"column":30}},"loc":{"start":{"line":320,"column":77},"end":{"line":329,"column":5}},"line":320},"26":{"name":"getNaksatra","decl":{"start":{"line":332,"column":20},"end":{"line":332,"column":31}},"loc":{"start":{"line":332,"column":52},"end":{"line":334,"column":5}},"line":332},"27":{"name":"get","decl":{"start":{"line":337,"column":18},"end":{"line":337,"column":21}},"loc":{"start":{"line":337,"column":24},"end":{"line":368,"column":5}},"line":337},"28":{"name":"get","decl":{"start":{"line":371,"column":18},"end":{"line":371,"column":21}},"loc":{"start":{"line":371,"column":24},"end":{"line":386,"column":5}},"line":371},"29":{"name":"get","decl":{"start":{"line":389,"column":18},"end":{"line":389,"column":21}},"loc":{"start":{"line":389,"column":24},"end":{"line":532,"column":5}},"line":389}},"branchMap":{"0":{"loc":{"start":{"line":12,"column":46},"end":{"line":12,"column":92}},"type":"cond-expr","locations":[{"start":{"line":12,"column":70},"end":{"line":12,"column":73}},{"start":{"line":12,"column":76},"end":{"line":12,"column":92}}],"line":12},"1":{"loc":{"start":{"line":12,"column":46},"end":{"line":12,"column":67}},"type":"binary-expr","locations":[{"start":{"line":12,"column":46},"end":{"line":12,"column":49}},{"start":{"line":12,"column":53},"end":{"line":12,"column":67}}],"line":12},"2":{"loc":{"start":{"line":14,"column":50},"end":{"line":14,"column":151}},"type":"if","locations":[{"start":{"line":14,"column":50},"end":{"line":14,"column":151}},{"start":{"line":14,"column":50},"end":{"line":14,"column":151}}],"line":14},"3":{"loc":{"start":{"line":16,"column":136},"end":{"line":16,"column":166}},"type":"binary-expr","locations":[{"start":{"line":16,"column":136},"end":{"line":16,"column":157}},{"start":{"line":16,"column":161},"end":{"line":16,"column":166}}],"line":16},"4":{"loc":{"start":{"line":16,"column":200},"end":{"line":16,"column":254}},"type":"if","locations":[{"start":{"line":16,"column":200},"end":{"line":16,"column":254}},{"start":{"line":16,"column":200},"end":{"line":16,"column":254}}],"line":16},"5":{"loc":{"start":{"line":18,"column":62},"end":{"line":18,"column":131}},"type":"if","locations":[{"start":{"line":18,"column":62},"end":{"line":18,"column":131}},{"start":{"line":18,"column":62},"end":{"line":18,"column":131}}],"line":18},"6":{"loc":{"start":{"line":18,"column":132},"end":{"line":18,"column":193}},"type":"if","locations":[{"start":{"line":18,"column":132},"end":{"line":18,"column":193}},{"start":{"line":18,"column":132},"end":{"line":18,"column":193}}],"line":18},"7":{"loc":{"start":{"line":64,"column":13},"end":{"line":64,"column":57}},"type":"binary-expr","locations":[{"start":{"line":64,"column":13},"end":{"line":64,"column":33}},{"start":{"line":64,"column":37},"end":{"line":64,"column":57}}],"line":64},"8":{"loc":{"start":{"line":94,"column":6},"end":{"line":105,"column":7}},"type":"if","locations":[{"start":{"line":94,"column":6},"end":{"line":105,"column":7}},{"start":{"line":94,"column":6},"end":{"line":105,"column":7}}],"line":94},"9":{"loc":{"start":{"line":100,"column":8},"end":{"line":104,"column":9}},"type":"if","locations":[{"start":{"line":100,"column":8},"end":{"line":104,"column":9}},{"start":{"line":100,"column":8},"end":{"line":104,"column":9}}],"line":100},"10":{"loc":{"start":{"line":115,"column":6},"end":{"line":123,"column":7}},"type":"if","locations":[{"start":{"line":115,"column":6},"end":{"line":123,"column":7}},{"start":{"line":115,"column":6},"end":{"line":123,"column":7}}],"line":115},"11":{"loc":{"start":{"line":143,"column":6},"end":{"line":147,"column":7}},"type":"if","locations":[{"start":{"line":143,"column":6},"end":{"line":147,"column":7}},{"start":{"line":143,"column":6},"end":{"line":147,"column":7}}],"line":143},"12":{"loc":{"start":{"line":143,"column":10},"end":{"line":143,"column":72}},"type":"binary-expr","locations":[{"start":{"line":143,"column":10},"end":{"line":143,"column":38}},{"start":{"line":143,"column":42},"end":{"line":143,"column":72}}],"line":143},"13":{"loc":{"start":{"line":160,"column":6},"end":{"line":172,"column":7}},"type":"if","locations":[{"start":{"line":160,"column":6},"end":{"line":172,"column":7}},{"start":{"line":160,"column":6},"end":{"line":172,"column":7}}],"line":160},"14":{"loc":{"start":{"line":185,"column":6},"end":{"line":187,"column":7}},"type":"if","locations":[{"start":{"line":185,"column":6},"end":{"line":187,"column":7}},{"start":{"line":185,"column":6},"end":{"line":187,"column":7}}],"line":185},"15":{"loc":{"start":{"line":203,"column":6},"end":{"line":206,"column":7}},"type":"if","locations":[{"start":{"line":203,"column":6},"end":{"line":206,"column":7}},{"start":{"line":203,"column":6},"end":{"line":206,"column":7}}],"line":203},"16":{"loc":{"start":{"line":210,"column":6},"end":{"line":216,"column":7}},"type":"if","locations":[{"start":{"line":210,"column":6},"end":{"line":216,"column":7}},{"start":{"line":210,"column":6},"end":{"line":216,"column":7}}],"line":210},"17":{"loc":{"start":{"line":213,"column":8},"end":{"line":215,"column":9}},"type":"if","locations":[{"start":{"line":213,"column":8},"end":{"line":215,"column":9}},{"start":{"line":213,"column":8},"end":{"line":215,"column":9}}],"line":213},"18":{"loc":{"start":{"line":213,"column":12},"end":{"line":213,"column":39}},"type":"binary-expr","locations":[{"start":{"line":213,"column":12},"end":{"line":213,"column":26}},{"start":{"line":213,"column":30},"end":{"line":213,"column":39}}],"line":213},"19":{"loc":{"start":{"line":218,"column":6},"end":{"line":220,"column":7}},"type":"if","locations":[{"start":{"line":218,"column":6},"end":{"line":220,"column":7}},{"start":{"line":218,"column":6},"end":{"line":220,"column":7}}],"line":218},"20":{"loc":{"start":{"line":272,"column":6},"end":{"line":274,"column":7}},"type":"if","locations":[{"start":{"line":272,"column":6},"end":{"line":274,"column":7}},{"start":{"line":272,"column":6},"end":{"line":274,"column":7}}],"line":272},"21":{"loc":{"start":{"line":272,"column":10},"end":{"line":272,"column":32}},"type":"binary-expr","locations":[{"start":{"line":272,"column":10},"end":{"line":272,"column":18}},{"start":{"line":272,"column":22},"end":{"line":272,"column":32}}],"line":272},"22":{"loc":{"start":{"line":282,"column":13},"end":{"line":282,"column":123}},"type":"cond-expr","locations":[{"start":{"line":282,"column":35},"end":{"line":282,"column":76}},{"start":{"line":282,"column":79},"end":{"line":282,"column":123}}],"line":282},"23":{"loc":{"start":{"line":316,"column":13},"end":{"line":316,"column":77}},"type":"cond-expr","locations":[{"start":{"line":316,"column":63},"end":{"line":316,"column":72}},{"start":{"line":316,"column":75},"end":{"line":316,"column":77}}],"line":316},"24":{"loc":{"start":{"line":323,"column":6},"end":{"line":325,"column":7}},"type":"if","locations":[{"start":{"line":323,"column":6},"end":{"line":325,"column":7}},{"start":{"line":323,"column":6},"end":{"line":325,"column":7}}],"line":323}},"s":{"0":1,"1":1,"2":1,"3":1,"4":2,"5":31,"6":0,"7":2,"8":24,"9":24,"10":24,"11":24,"12":21,"13":24,"14":1,"15":1,"16":1,"17":1,"18":1,"19":1,"20":1,"21":31,"22":31,"23":1,"24":9,"25":9,"26":18,"27":28,"28":3,"29":3,"30":3,"31":3,"32":3,"33":3,"34":1296,"35":1296,"36":1296,"37":48,"38":1248,"39":1248,"40":1248,"41":652,"42":596,"43":43,"44":43,"45":43,"46":43,"47":1,"48":1,"49":1,"50":42,"51":42,"52":42,"53":43,"54":43,"55":43,"56":569,"57":569,"58":569,"59":569,"60":569,"61":43,"62":43,"63":526,"64":569,"65":569,"66":43,"67":43,"68":43,"69":43,"70":526,"71":526,"72":526,"73":526,"74":526,"75":569,"76":15,"77":1,"78":14,"79":14,"80":14,"81":34,"82":34,"83":34,"84":34,"85":10,"86":10,"87":34,"88":34,"89":3,"90":3,"91":1,"92":34,"93":29,"94":34,"95":15,"96":15,"97":15,"98":15,"99":15,"100":15,"101":15,"102":15,"103":15,"104":15,"105":15,"106":67,"107":67,"108":67,"109":67,"110":67,"111":67,"112":67,"113":67,"114":67,"115":67,"116":67,"117":67,"118":1,"119":67,"120":60,"121":21,"122":60,"123":28,"124":3,"125":39,"126":16,"127":16,"128":16,"129":29,"130":29,"131":1,"132":29,"133":29,"134":56,"135":39,"136":68,"137":56,"138":1,"139":1,"140":1,"141":1},"f":{"0":2,"1":31,"2":2,"3":1,"4":1,"5":31,"6":9,"7":18,"8":28,"9":3,"10":1296,"11":43,"12":569,"13":569,"14":15,"15":34,"16":15,"17":67,"18":60,"19":21,"20":60,"21":28,"22":3,"23":39,"24":16,"25":29,"26":56,"27":39,"28":68,"29":56},"b":{"0":[0,2],"1":[2,2],"2":[0,31],"3":[24,24],"4":[21,3],"5":[1,0],"6":[1,0],"7":[18,12],"8":[48,1248],"9":[652,596],"10":[1,42],"11":[43,526],"12":[569,47],"13":[43,526],"14":[1,14],"15":[10,24],"16":[3,31],"17":[1,2],"18":[3,1],"19":[29,5],"20":[1,66],"21":[67,67],"22":[7,53],"23":[1,15],"24":[1,28]},"_coverageSchema":"43e27e138ebf9cfc5966b082cf9a028302ed4184","hash":"3a6075d7f27a2570c4355bc2d436707345c96702","contentHash":"6f0a14eaf0ff52a3bd9fe9e18071fe88"},"/Users/hari/Source/kollavarsham/kv/kollavarsham-js/lib/dates/julianDate.js":{"path":"/Users/hari/Source/kollavarsham/kv/kollavarsham-js/lib/dates/julianDate.js","statementMap":{"0":{"start":{"line":3,"column":0},"end":{"line":5,"column":3}},"1":{"start":{"line":6,"column":0},"end":{"line":6,"column":25}},"2":{"start":{"line":8,"column":16},"end":{"line":8,"column":64}},"3":{"start":{"line":10,"column":39},"end":{"line":10,"column":93}},"4":{"start":{"line":12,"column":24},"end":{"line":12,"column":328}},"5":{"start":{"line":12,"column":99},"end":{"line":12,"column":154}},"6":{"start":{"line":12,"column":133},"end":{"line":12,"column":151}},"7":{"start":{"line":12,"column":164},"end":{"line":12,"column":326}},"8":{"start":{"line":12,"column":198},"end":{"line":12,"column":323}},"9":{"start":{"line":12,"column":329},"end":{"line":12,"column":349}},"10":{"start":{"line":14,"column":50},"end":{"line":14,"column":151}},"11":{"start":{"line":14,"column":92},"end":{"line":14,"column":149}},"12":{"start":{"line":16,"column":50},"end":{"line":16,"column":138}},"13":{"start":{"line":16,"column":124},"end":{"line":16,"column":136}},"14":{"start":{"line":16,"column":139},"end":{"line":16,"column":175}},"15":{"start":{"line":18,"column":40},"end":{"line":18,"column":151}},"16":{"start":{"line":18,"column":63},"end":{"line":18,"column":149}},"17":{"start":{"line":18,"column":152},"end":{"line":18,"column":164}},"18":{"start":{"line":20,"column":30},"end":{"line":20,"column":176}},"19":{"start":{"line":20,"column":126},"end":{"line":20,"column":173}},"20":{"start":{"line":20,"column":177},"end":{"line":20,"column":203}},"21":{"start":{"line":22,"column":43},"end":{"line":22,"column":182}},"22":{"start":{"line":22,"column":106},"end":{"line":22,"column":180}},"23":{"start":{"line":22,"column":183},"end":{"line":22,"column":328}},"24":{"start":{"line":22,"column":329},"end":{"line":22,"column":383}},"25":{"start":{"line":22,"column":345},"end":{"line":22,"column":383}},"26":{"start":{"line":24,"column":33},"end":{"line":24,"column":138}},"27":{"start":{"line":24,"column":109},"end":{"line":24,"column":125}},"28":{"start":{"line":24,"column":126},"end":{"line":24,"column":135}},"29":{"start":{"line":24,"column":139},"end":{"line":24,"column":168}},"30":{"start":{"line":42,"column":0},"end":{"line":56,"column":20}},"31":{"start":{"line":43,"column":2},"end":{"line":43,"column":35}},"32":{"start":{"line":46,"column":15},"end":{"line":46,"column":84}},"33":{"start":{"line":47,"column":16},"end":{"line":47,"column":85}},"34":{"start":{"line":48,"column":14},"end":{"line":48,"column":83}},"35":{"start":{"line":50,"column":4},"end":{"line":50,"column":38}},"36":{"start":{"line":52,"column":4},"end":{"line":52,"column":102}},"37":{"start":{"line":55,"column":2},"end":{"line":55,"column":20}},"38":{"start":{"line":58,"column":15},"end":{"line":58,"column":25}},"39":{"start":{"line":59,"column":0},"end":{"line":59,"column":27}},"40":{"start":{"line":60,"column":0},"end":{"line":60,"column":33}}},"fnMap":{"0":{"name":"_interopRequireDefault","decl":{"start":{"line":10,"column":9},"end":{"line":10,"column":31}},"loc":{"start":{"line":10,"column":37},"end":{"line":10,"column":95}},"line":10},"1":{"name":"_typeof","decl":{"start":{"line":12,"column":9},"end":{"line":12,"column":16}},"loc":{"start":{"line":12,"column":22},"end":{"line":12,"column":351}},"line":12},"2":{"name":"_typeof","decl":{"start":{"line":12,"column":118},"end":{"line":12,"column":125}},"loc":{"start":{"line":12,"column":131},"end":{"line":12,"column":153}},"line":12},"3":{"name":"_typeof","decl":{"start":{"line":12,"column":183},"end":{"line":12,"column":190}},"loc":{"start":{"line":12,"column":196},"end":{"line":12,"column":325}},"line":12},"4":{"name":"_classCallCheck","decl":{"start":{"line":14,"column":9},"end":{"line":14,"column":24}},"loc":{"start":{"line":14,"column":48},"end":{"line":14,"column":153}},"line":14},"5":{"name":"_possibleConstructorReturn","decl":{"start":{"line":16,"column":9},"end":{"line":16,"column":35}},"loc":{"start":{"line":16,"column":48},"end":{"line":16,"column":177}},"line":16},"6":{"name":"_assertThisInitialized","decl":{"start":{"line":18,"column":9},"end":{"line":18,"column":31}},"loc":{"start":{"line":18,"column":38},"end":{"line":18,"column":166}},"line":18},"7":{"name":"_getPrototypeOf","decl":{"start":{"line":20,"column":9},"end":{"line":20,"column":24}},"loc":{"start":{"line":20,"column":28},"end":{"line":20,"column":205}},"line":20},"8":{"name":"_getPrototypeOf","decl":{"start":{"line":20,"column":105},"end":{"line":20,"column":120}},"loc":{"start":{"line":20,"column":124},"end":{"line":20,"column":175}},"line":20},"9":{"name":"_inherits","decl":{"start":{"line":22,"column":9},"end":{"line":22,"column":18}},"loc":{"start":{"line":22,"column":41},"end":{"line":22,"column":385}},"line":22},"10":{"name":"_setPrototypeOf","decl":{"start":{"line":24,"column":9},"end":{"line":24,"column":24}},"loc":{"start":{"line":24,"column":31},"end":{"line":24,"column":170}},"line":24},"11":{"name":"_setPrototypeOf","decl":{"start":{"line":24,"column":85},"end":{"line":24,"column":100}},"loc":{"start":{"line":24,"column":107},"end":{"line":24,"column":137}},"line":24},"12":{"name":"(anonymous_12)","decl":{"start":{"line":42,"column":0},"end":{"line":42,"column":1}},"loc":{"start":{"line":42,"column":21},"end":{"line":56,"column":1}},"line":42},"13":{"name":"JulianDate","decl":{"start":{"line":45,"column":11},"end":{"line":45,"column":21}},"loc":{"start":{"line":45,"column":24},"end":{"line":53,"column":3}},"line":45}},"branchMap":{"0":{"loc":{"start":{"line":10,"column":46},"end":{"line":10,"column":92}},"type":"cond-expr","locations":[{"start":{"line":10,"column":70},"end":{"line":10,"column":73}},{"start":{"line":10,"column":76},"end":{"line":10,"column":92}}],"line":10},"1":{"loc":{"start":{"line":10,"column":46},"end":{"line":10,"column":67}},"type":"binary-expr","locations":[{"start":{"line":10,"column":46},"end":{"line":10,"column":49}},{"start":{"line":10,"column":53},"end":{"line":10,"column":67}}],"line":10},"2":{"loc":{"start":{"line":12,"column":24},"end":{"line":12,"column":328}},"type":"if","locations":[{"start":{"line":12,"column":24},"end":{"line":12,"column":328}},{"start":{"line":12,"column":24},"end":{"line":12,"column":328}}],"line":12},"3":{"loc":{"start":{"line":12,"column":28},"end":{"line":12,"column":95}},"type":"binary-expr","locations":[{"start":{"line":12,"column":28},"end":{"line":12,"column":56}},{"start":{"line":12,"column":60},"end":{"line":12,"column":95}}],"line":12},"4":{"loc":{"start":{"line":12,"column":205},"end":{"line":12,"column":322}},"type":"cond-expr","locations":[{"start":{"line":12,"column":301},"end":{"line":12,"column":309}},{"start":{"line":12,"column":312},"end":{"line":12,"column":322}}],"line":12},"5":{"loc":{"start":{"line":12,"column":205},"end":{"line":12,"column":298}},"type":"binary-expr","locations":[{"start":{"line":12,"column":205},"end":{"line":12,"column":208}},{"start":{"line":12,"column":212},"end":{"line":12,"column":240}},{"start":{"line":12,"column":244},"end":{"line":12,"column":270}},{"start":{"line":12,"column":274},"end":{"line":12,"column":298}}],"line":12},"6":{"loc":{"start":{"line":14,"column":50},"end":{"line":14,"column":151}},"type":"if","locations":[{"start":{"line":14,"column":50},"end":{"line":14,"column":151}},{"start":{"line":14,"column":50},"end":{"line":14,"column":151}}],"line":14},"7":{"loc":{"start":{"line":16,"column":50},"end":{"line":16,"column":138}},"type":"if","locations":[{"start":{"line":16,"column":50},"end":{"line":16,"column":138}},{"start":{"line":16,"column":50},"end":{"line":16,"column":138}}],"line":16},"8":{"loc":{"start":{"line":16,"column":54},"end":{"line":16,"column":120}},"type":"binary-expr","locations":[{"start":{"line":16,"column":54},"end":{"line":16,"column":58}},{"start":{"line":16,"column":63},"end":{"line":16,"column":89}},{"start":{"line":16,"column":93},"end":{"line":16,"column":119}}],"line":16},"9":{"loc":{"start":{"line":18,"column":40},"end":{"line":18,"column":151}},"type":"if","locations":[{"start":{"line":18,"column":40},"end":{"line":18,"column":151}},{"start":{"line":18,"column":40},"end":{"line":18,"column":151}}],"line":18},"10":{"loc":{"start":{"line":20,"column":48},"end":{"line":20,"column":175}},"type":"cond-expr","locations":[{"start":{"line":20,"column":72},"end":{"line":20,"column":93}},{"start":{"line":20,"column":96},"end":{"line":20,"column":175}}],"line":20},"11":{"loc":{"start":{"line":20,"column":133},"end":{"line":20,"column":172}},"type":"binary-expr","locations":[{"start":{"line":20,"column":133},"end":{"line":20,"column":144}},{"start":{"line":20,"column":148},"end":{"line":20,"column":172}}],"line":20},"12":{"loc":{"start":{"line":22,"column":43},"end":{"line":22,"column":182}},"type":"if","locations":[{"start":{"line":22,"column":43},"end":{"line":22,"column":182}},{"start":{"line":22,"column":43},"end":{"line":22,"column":182}}],"line":22},"13":{"loc":{"start":{"line":22,"column":47},"end":{"line":22,"column":102}},"type":"binary-expr","locations":[{"start":{"line":22,"column":47},"end":{"line":22,"column":79}},{"start":{"line":22,"column":83},"end":{"line":22,"column":102}}],"line":22},"14":{"loc":{"start":{"line":22,"column":218},"end":{"line":22,"column":252}},"type":"binary-expr","locations":[{"start":{"line":22,"column":218},"end":{"line":22,"column":228}},{"start":{"line":22,"column":232},"end":{"line":22,"column":252}}],"line":22},"15":{"loc":{"start":{"line":22,"column":329},"end":{"line":22,"column":383}},"type":"if","locations":[{"start":{"line":22,"column":329},"end":{"line":22,"column":383}},{"start":{"line":22,"column":329},"end":{"line":22,"column":383}}],"line":22},"16":{"loc":{"start":{"line":24,"column":51},"end":{"line":24,"column":137}},"type":"binary-expr","locations":[{"start":{"line":24,"column":51},"end":{"line":24,"column":72}},{"start":{"line":24,"column":76},"end":{"line":24,"column":137}}],"line":24},"17":{"loc":{"start":{"line":46,"column":15},"end":{"line":46,"column":84}},"type":"cond-expr","locations":[{"start":{"line":46,"column":68},"end":{"line":46,"column":80}},{"start":{"line":46,"column":83},"end":{"line":46,"column":84}}],"line":46},"18":{"loc":{"start":{"line":46,"column":15},"end":{"line":46,"column":65}},"type":"binary-expr","locations":[{"start":{"line":46,"column":15},"end":{"line":46,"column":35}},{"start":{"line":46,"column":39},"end":{"line":46,"column":65}}],"line":46},"19":{"loc":{"start":{"line":47,"column":16},"end":{"line":47,"column":85}},"type":"cond-expr","locations":[{"start":{"line":47,"column":69},"end":{"line":47,"column":81}},{"start":{"line":47,"column":84},"end":{"line":47,"column":85}}],"line":47},"20":{"loc":{"start":{"line":47,"column":16},"end":{"line":47,"column":66}},"type":"binary-expr","locations":[{"start":{"line":47,"column":16},"end":{"line":47,"column":36}},{"start":{"line":47,"column":40},"end":{"line":47,"column":66}}],"line":47},"21":{"loc":{"start":{"line":48,"column":14},"end":{"line":48,"column":83}},"type":"cond-expr","locations":[{"start":{"line":48,"column":67},"end":{"line":48,"column":79}},{"start":{"line":48,"column":82},"end":{"line":48,"column":83}}],"line":48},"22":{"loc":{"start":{"line":48,"column":14},"end":{"line":48,"column":64}},"type":"binary-expr","locations":[{"start":{"line":48,"column":14},"end":{"line":48,"column":34}},{"start":{"line":48,"column":38},"end":{"line":48,"column":64}}],"line":48}},"s":{"0":1,"1":1,"2":1,"3":1,"4":0,"5":0,"6":0,"7":0,"8":0,"9":0,"10":22,"11":0,"12":22,"13":0,"14":22,"15":22,"16":0,"17":22,"18":1,"19":0,"20":1,"21":1,"22":0,"23":1,"24":1,"25":1,"26":1,"27":0,"28":0,"29":1,"30":1,"31":1,"32":22,"33":22,"34":22,"35":22,"36":22,"37":1,"38":1,"39":1,"40":1},"f":{"0":1,"1":0,"2":0,"3":0,"4":22,"5":22,"6":22,"7":1,"8":0,"9":1,"10":1,"11":0,"12":1,"13":22},"b":{"0":[0,1],"1":[1,1],"2":[0,0],"3":[0,0],"4":[0,0],"5":[0,0,0,0],"6":[0,22],"7":[0,22],"8":[22,0,0],"9":[0,22],"10":[1,0],"11":[0,0],"12":[0,1],"13":[1,0],"14":[1,1],"15":[1,0],"16":[1,0],"17":[20,2],"18":[22,20],"19":[20,2],"20":[22,20],"21":[20,2],"22":[22,20]},"_coverageSchema":"43e27e138ebf9cfc5966b082cf9a028302ed4184","hash":"cc8a98c2d273945b5da9d4b75b4ecc809394839f","contentHash":"481588f47e9b335f295027379b81bc26"},"/Users/hari/Source/kollavarsham/kv/kollavarsham-js/lib/dates/baseDate.js":{"path":"/Users/hari/Source/kollavarsham/kv/kollavarsham-js/lib/dates/baseDate.js","statementMap":{"0":{"start":{"line":3,"column":0},"end":{"line":5,"column":3}},"1":{"start":{"line":6,"column":0},"end":{"line":6,"column":25}},"2":{"start":{"line":8,"column":16},"end":{"line":8,"column":65}},"3":{"start":{"line":10,"column":39},"end":{"line":10,"column":93}},"4":{"start":{"line":12,"column":50},"end":{"line":12,"column":151}},"5":{"start":{"line":12,"column":92},"end":{"line":12,"column":149}},"6":{"start":{"line":14,"column":44},"end":{"line":14,"column":315}},"7":{"start":{"line":14,"column":102},"end":{"line":14,"column":110}},"8":{"start":{"line":14,"column":112},"end":{"line":14,"column":167}},"9":{"start":{"line":14,"column":168},"end":{"line":14,"column":199}},"10":{"start":{"line":14,"column":200},"end":{"line":14,"column":254}},"11":{"start":{"line":14,"column":227},"end":{"line":14,"column":254}},"12":{"start":{"line":14,"column":255},"end":{"line":14,"column":313}},"13":{"start":{"line":16,"column":62},"end":{"line":16,"column":131}},"14":{"start":{"line":16,"column":78},"end":{"line":16,"column":131}},"15":{"start":{"line":16,"column":132},"end":{"line":16,"column":193}},"16":{"start":{"line":16,"column":149},"end":{"line":16,"column":193}},"17":{"start":{"line":16,"column":194},"end":{"line":16,"column":213}},"18":{"start":{"line":18,"column":10},"end":{"line":21,"column":1}},"19":{"start":{"line":19,"column":10},"end":{"line":19,"column":33}},"20":{"start":{"line":20,"column":2},"end":{"line":20,"column":35}},"21":{"start":{"line":23,"column":16},"end":{"line":96,"column":1}},"22":{"start":{"line":112,"column":0},"end":{"line":275,"column":3}},"23":{"start":{"line":114,"column":15},"end":{"line":114,"column":84}},"24":{"start":{"line":115,"column":16},"end":{"line":115,"column":85}},"25":{"start":{"line":116,"column":15},"end":{"line":116,"column":84}},"26":{"start":{"line":118,"column":4},"end":{"line":118,"column":36}},"27":{"start":{"line":126,"column":4},"end":{"line":126,"column":21}},"28":{"start":{"line":134,"column":4},"end":{"line":134,"column":23}},"29":{"start":{"line":142,"column":4},"end":{"line":142,"column":21}},"30":{"start":{"line":150,"column":4},"end":{"line":150,"column":30}},"31":{"start":{"line":161,"column":4},"end":{"line":161,"column":26}},"32":{"start":{"line":174,"column":4},"end":{"line":174,"column":25}},"33":{"start":{"line":182,"column":4},"end":{"line":182,"column":26}},"34":{"start":{"line":190,"column":4},"end":{"line":190,"column":28}},"35":{"start":{"line":198,"column":4},"end":{"line":198,"column":26}},"36":{"start":{"line":201,"column":2},"end":{"line":272,"column":6}},"37":{"start":{"line":212,"column":6},"end":{"line":212,"column":105}},"38":{"start":{"line":226,"column":6},"end":{"line":226,"column":34}},"39":{"start":{"line":229,"column":6},"end":{"line":229,"column":27}},"40":{"start":{"line":241,"column":6},"end":{"line":241,"column":56}},"41":{"start":{"line":253,"column":6},"end":{"line":253,"column":69}},"42":{"start":{"line":265,"column":6},"end":{"line":265,"column":69}},"43":{"start":{"line":270,"column":6},"end":{"line":270,"column":35}},"44":{"start":{"line":274,"column":2},"end":{"line":274,"column":18}},"45":{"start":{"line":277,"column":15},"end":{"line":277,"column":23}},"46":{"start":{"line":278,"column":0},"end":{"line":278,"column":27}},"47":{"start":{"line":279,"column":0},"end":{"line":279,"column":33}}},"fnMap":{"0":{"name":"_interopRequireDefault","decl":{"start":{"line":10,"column":9},"end":{"line":10,"column":31}},"loc":{"start":{"line":10,"column":37},"end":{"line":10,"column":95}},"line":10},"1":{"name":"_classCallCheck","decl":{"start":{"line":12,"column":9},"end":{"line":12,"column":24}},"loc":{"start":{"line":12,"column":48},"end":{"line":12,"column":153}},"line":12},"2":{"name":"_defineProperties","decl":{"start":{"line":14,"column":9},"end":{"line":14,"column":26}},"loc":{"start":{"line":14,"column":42},"end":{"line":14,"column":317}},"line":14},"3":{"name":"_createClass","decl":{"start":{"line":16,"column":9},"end":{"line":16,"column":21}},"loc":{"start":{"line":16,"column":60},"end":{"line":16,"column":215}},"line":16},"4":{"name":"pad","decl":{"start":{"line":18,"column":19},"end":{"line":18,"column":22}},"loc":{"start":{"line":18,"column":34},"end":{"line":21,"column":1}},"line":18},"5":{"name":"(anonymous_5)","decl":{"start":{"line":112,"column":0},"end":{"line":112,"column":1}},"loc":{"start":{"line":112,"column":12},"end":{"line":275,"column":1}},"line":112},"6":{"name":"BaseDate","decl":{"start":{"line":113,"column":11},"end":{"line":113,"column":19}},"loc":{"start":{"line":113,"column":22},"end":{"line":199,"column":3}},"line":113},"7":{"name":"toString","decl":{"start":{"line":211,"column":20},"end":{"line":211,"column":28}},"loc":{"start":{"line":211,"column":31},"end":{"line":213,"column":5}},"line":211},"8":{"name":"get","decl":{"start":{"line":225,"column":18},"end":{"line":225,"column":21}},"loc":{"start":{"line":225,"column":24},"end":{"line":227,"column":5}},"line":225},"9":{"name":"set","decl":{"start":{"line":228,"column":18},"end":{"line":228,"column":21}},"loc":{"start":{"line":228,"column":27},"end":{"line":230,"column":5}},"line":228},"10":{"name":"get","decl":{"start":{"line":240,"column":18},"end":{"line":240,"column":21}},"loc":{"start":{"line":240,"column":24},"end":{"line":242,"column":5}},"line":240},"11":{"name":"get","decl":{"start":{"line":252,"column":18},"end":{"line":252,"column":21}},"loc":{"start":{"line":252,"column":24},"end":{"line":254,"column":5}},"line":252},"12":{"name":"get","decl":{"start":{"line":264,"column":18},"end":{"line":264,"column":21}},"loc":{"start":{"line":264,"column":24},"end":{"line":266,"column":5}},"line":264},"13":{"name":"getMasaName","decl":{"start":{"line":269,"column":20},"end":{"line":269,"column":31}},"loc":{"start":{"line":269,"column":44},"end":{"line":271,"column":5}},"line":269}},"branchMap":{"0":{"loc":{"start":{"line":10,"column":46},"end":{"line":10,"column":92}},"type":"cond-expr","locations":[{"start":{"line":10,"column":70},"end":{"line":10,"column":73}},{"start":{"line":10,"column":76},"end":{"line":10,"column":92}}],"line":10},"1":{"loc":{"start":{"line":10,"column":46},"end":{"line":10,"column":67}},"type":"binary-expr","locations":[{"start":{"line":10,"column":46},"end":{"line":10,"column":49}},{"start":{"line":10,"column":53},"end":{"line":10,"column":67}}],"line":10},"2":{"loc":{"start":{"line":12,"column":50},"end":{"line":12,"column":151}},"type":"if","locations":[{"start":{"line":12,"column":50},"end":{"line":12,"column":151}},{"start":{"line":12,"column":50},"end":{"line":12,"column":151}}],"line":12},"3":{"loc":{"start":{"line":14,"column":136},"end":{"line":14,"column":166}},"type":"binary-expr","locations":[{"start":{"line":14,"column":136},"end":{"line":14,"column":157}},{"start":{"line":14,"column":161},"end":{"line":14,"column":166}}],"line":14},"4":{"loc":{"start":{"line":14,"column":200},"end":{"line":14,"column":254}},"type":"if","locations":[{"start":{"line":14,"column":200},"end":{"line":14,"column":254}},{"start":{"line":14,"column":200},"end":{"line":14,"column":254}}],"line":14},"5":{"loc":{"start":{"line":16,"column":62},"end":{"line":16,"column":131}},"type":"if","locations":[{"start":{"line":16,"column":62},"end":{"line":16,"column":131}},{"start":{"line":16,"column":62},"end":{"line":16,"column":131}}],"line":16},"6":{"loc":{"start":{"line":16,"column":132},"end":{"line":16,"column":193}},"type":"if","locations":[{"start":{"line":16,"column":132},"end":{"line":16,"column":193}},{"start":{"line":16,"column":132},"end":{"line":16,"column":193}}],"line":16},"7":{"loc":{"start":{"line":114,"column":15},"end":{"line":114,"column":84}},"type":"cond-expr","locations":[{"start":{"line":114,"column":68},"end":{"line":114,"column":80}},{"start":{"line":114,"column":83},"end":{"line":114,"column":84}}],"line":114},"8":{"loc":{"start":{"line":114,"column":15},"end":{"line":114,"column":65}},"type":"binary-expr","locations":[{"start":{"line":114,"column":15},"end":{"line":114,"column":35}},{"start":{"line":114,"column":39},"end":{"line":114,"column":65}}],"line":114},"9":{"loc":{"start":{"line":115,"column":16},"end":{"line":115,"column":85}},"type":"cond-expr","locations":[{"start":{"line":115,"column":69},"end":{"line":115,"column":81}},{"start":{"line":115,"column":84},"end":{"line":115,"column":85}}],"line":115},"10":{"loc":{"start":{"line":115,"column":16},"end":{"line":115,"column":66}},"type":"binary-expr","locations":[{"start":{"line":115,"column":16},"end":{"line":115,"column":36}},{"start":{"line":115,"column":40},"end":{"line":115,"column":66}}],"line":115},"11":{"loc":{"start":{"line":116,"column":15},"end":{"line":116,"column":84}},"type":"cond-expr","locations":[{"start":{"line":116,"column":68},"end":{"line":116,"column":80}},{"start":{"line":116,"column":83},"end":{"line":116,"column":84}}],"line":116},"12":{"loc":{"start":{"line":116,"column":15},"end":{"line":116,"column":65}},"type":"binary-expr","locations":[{"start":{"line":116,"column":15},"end":{"line":116,"column":35}},{"start":{"line":116,"column":39},"end":{"line":116,"column":65}}],"line":116},"13":{"loc":{"start":{"line":226,"column":13},"end":{"line":226,"column":33}},"type":"binary-expr","locations":[{"start":{"line":226,"column":13},"end":{"line":226,"column":27}},{"start":{"line":226,"column":31},"end":{"line":226,"column":33}}],"line":226}},"s":{"0":1,"1":1,"2":1,"3":1,"4":69,"5":0,"6":2,"7":6,"8":6,"9":6,"10":6,"11":2,"12":6,"13":1,"14":1,"15":1,"16":1,"17":1,"18":1,"19":69,"20":69,"21":1,"22":1,"23":69,"24":69,"25":69,"26":69,"27":69,"28":69,"29":69,"30":69,"31":69,"32":69,"33":69,"34":69,"35":69,"36":1,"37":23,"38":29,"39":27,"40":4,"41":7,"42":4,"43":63,"44":1,"45":1,"46":1,"47":1},"f":{"0":1,"1":69,"2":2,"3":1,"4":69,"5":1,"6":69,"7":23,"8":29,"9":27,"10":4,"11":7,"12":4,"13":63},"b":{"0":[1,0],"1":[1,1],"2":[0,69],"3":[6,6],"4":[2,4],"5":[1,0],"6":[1,0],"7":[67,2],"8":[69,67],"9":[67,2],"10":[69,67],"11":[67,2],"12":[69,67],"13":[29,4]},"_coverageSchema":"43e27e138ebf9cfc5966b082cf9a028302ed4184","hash":"c9fad97ce22226fc2007852f90f46a9bb2b7fe7c","contentHash":"528659ac15fc83817059d5ede4430407"},"/Users/hari/Source/kollavarsham/kv/kollavarsham-js/lib/mathHelper.js":{"path":"/Users/hari/Source/kollavarsham/kv/kollavarsham-js/lib/mathHelper.js","statementMap":{"0":{"start":{"line":3,"column":0},"end":{"line":5,"column":3}},"1":{"start":{"line":6,"column":0},"end":{"line":6,"column":25}},"2":{"start":{"line":8,"column":50},"end":{"line":8,"column":151}},"3":{"start":{"line":8,"column":92},"end":{"line":8,"column":149}},"4":{"start":{"line":10,"column":44},"end":{"line":10,"column":315}},"5":{"start":{"line":10,"column":102},"end":{"line":10,"column":110}},"6":{"start":{"line":10,"column":112},"end":{"line":10,"column":167}},"7":{"start":{"line":10,"column":168},"end":{"line":10,"column":199}},"8":{"start":{"line":10,"column":200},"end":{"line":10,"column":254}},"9":{"start":{"line":10,"column":227},"end":{"line":10,"column":254}},"10":{"start":{"line":10,"column":255},"end":{"line":10,"column":313}},"11":{"start":{"line":12,"column":62},"end":{"line":12,"column":131}},"12":{"start":{"line":12,"column":78},"end":{"line":12,"column":131}},"13":{"start":{"line":12,"column":132},"end":{"line":12,"column":193}},"14":{"start":{"line":12,"column":149},"end":{"line":12,"column":193}},"15":{"start":{"line":12,"column":194},"end":{"line":12,"column":213}},"16":{"start":{"line":25,"column":15},"end":{"line":25,"column":19}},"17":{"start":{"line":27,"column":23},"end":{"line":27,"column":36}},"18":{"start":{"line":39,"column":0},"end":{"line":112,"column":3}},"19":{"start":{"line":41,"column":4},"end":{"line":41,"column":38}},"20":{"start":{"line":44,"column":2},"end":{"line":109,"column":6}},"21":{"start":{"line":47,"column":6},"end":{"line":47,"column":50}},"22":{"start":{"line":52,"column":6},"end":{"line":52,"column":51}},"23":{"start":{"line":60,"column":17},"end":{"line":60,"column":31}},"24":{"start":{"line":61,"column":19},"end":{"line":61,"column":36}},"25":{"start":{"line":62,"column":19},"end":{"line":62,"column":76}},"26":{"start":{"line":63,"column":27},"end":{"line":63,"column":45}},"27":{"start":{"line":64,"column":6},"end":{"line":64,"column":56}},"28":{"start":{"line":69,"column":6},"end":{"line":69,"column":47}},"29":{"start":{"line":74,"column":19},"end":{"line":74,"column":32}},"30":{"start":{"line":75,"column":6},"end":{"line":75,"column":40}},"31":{"start":{"line":80,"column":19},"end":{"line":80,"column":24}},"32":{"start":{"line":81,"column":6},"end":{"line":81,"column":40}},"33":{"start":{"line":86,"column":6},"end":{"line":86,"column":80}},"34":{"start":{"line":91,"column":6},"end":{"line":91,"column":69}},"35":{"start":{"line":96,"column":19},"end":{"line":96,"column":83}},"36":{"start":{"line":97,"column":6},"end":{"line":97,"column":48}},"37":{"start":{"line":102,"column":6},"end":{"line":102,"column":22}},"38":{"start":{"line":107,"column":6},"end":{"line":107,"column":30}},"39":{"start":{"line":111,"column":2},"end":{"line":111,"column":20}},"40":{"start":{"line":114,"column":15},"end":{"line":114,"column":25}},"41":{"start":{"line":115,"column":0},"end":{"line":115,"column":27}},"42":{"start":{"line":116,"column":0},"end":{"line":116,"column":33}}},"fnMap":{"0":{"name":"_classCallCheck","decl":{"start":{"line":8,"column":9},"end":{"line":8,"column":24}},"loc":{"start":{"line":8,"column":48},"end":{"line":8,"column":153}},"line":8},"1":{"name":"_defineProperties","decl":{"start":{"line":10,"column":9},"end":{"line":10,"column":26}},"loc":{"start":{"line":10,"column":42},"end":{"line":10,"column":317}},"line":10},"2":{"name":"_createClass","decl":{"start":{"line":12,"column":9},"end":{"line":12,"column":21}},"loc":{"start":{"line":12,"column":60},"end":{"line":12,"column":215}},"line":12},"3":{"name":"(anonymous_3)","decl":{"start":{"line":39,"column":0},"end":{"line":39,"column":1}},"loc":{"start":{"line":39,"column":12},"end":{"line":112,"column":1}},"line":39},"4":{"name":"MathHelper","decl":{"start":{"line":40,"column":11},"end":{"line":40,"column":21}},"loc":{"start":{"line":40,"column":24},"end":{"line":42,"column":3}},"line":40},"5":{"name":"isNumber","decl":{"start":{"line":46,"column":20},"end":{"line":46,"column":28}},"loc":{"start":{"line":46,"column":32},"end":{"line":48,"column":5}},"line":46},"6":{"name":"isInt","decl":{"start":{"line":51,"column":20},"end":{"line":51,"column":25}},"loc":{"start":{"line":51,"column":29},"end":{"line":53,"column":5}},"line":51},"7":{"name":"truncateDecimals","decl":{"start":{"line":56,"column":20},"end":{"line":56,"column":36}},"loc":{"start":{"line":56,"column":50},"end":{"line":65,"column":5}},"line":56},"8":{"name":"truncate","decl":{"start":{"line":68,"column":20},"end":{"line":68,"column":28}},"loc":{"start":{"line":68,"column":32},"end":{"line":70,"column":5}},"line":68},"9":{"name":"floor","decl":{"start":{"line":73,"column":20},"end":{"line":73,"column":25}},"loc":{"start":{"line":73,"column":29},"end":{"line":76,"column":5}},"line":73},"10":{"name":"fractional","decl":{"start":{"line":79,"column":20},"end":{"line":79,"column":30}},"loc":{"start":{"line":79,"column":34},"end":{"line":82,"column":5}},"line":79},"11":{"name":"round","decl":{"start":{"line":85,"column":20},"end":{"line":85,"column":25}},"loc":{"start":{"line":85,"column":29},"end":{"line":87,"column":5}},"line":85},"12":{"name":"square","decl":{"start":{"line":90,"column":20},"end":{"line":90,"column":26}},"loc":{"start":{"line":90,"column":30},"end":{"line":92,"column":5}},"line":90},"13":{"name":"zero360","decl":{"start":{"line":95,"column":20},"end":{"line":95,"column":27}},"loc":{"start":{"line":95,"column":44},"end":{"line":98,"column":5}},"line":95},"14":{"name":"get","decl":{"start":{"line":101,"column":18},"end":{"line":101,"column":21}},"loc":{"start":{"line":101,"column":24},"end":{"line":103,"column":5}},"line":101},"15":{"name":"get","decl":{"start":{"line":106,"column":18},"end":{"line":106,"column":21}},"loc":{"start":{"line":106,"column":24},"end":{"line":108,"column":5}},"line":106}},"branchMap":{"0":{"loc":{"start":{"line":8,"column":50},"end":{"line":8,"column":151}},"type":"if","locations":[{"start":{"line":8,"column":50},"end":{"line":8,"column":151}},{"start":{"line":8,"column":50},"end":{"line":8,"column":151}}],"line":8},"1":{"loc":{"start":{"line":10,"column":136},"end":{"line":10,"column":166}},"type":"binary-expr","locations":[{"start":{"line":10,"column":136},"end":{"line":10,"column":157}},{"start":{"line":10,"column":161},"end":{"line":10,"column":166}}],"line":10},"2":{"loc":{"start":{"line":10,"column":200},"end":{"line":10,"column":254}},"type":"if","locations":[{"start":{"line":10,"column":200},"end":{"line":10,"column":254}},{"start":{"line":10,"column":200},"end":{"line":10,"column":254}}],"line":10},"3":{"loc":{"start":{"line":12,"column":62},"end":{"line":12,"column":131}},"type":"if","locations":[{"start":{"line":12,"column":62},"end":{"line":12,"column":131}},{"start":{"line":12,"column":62},"end":{"line":12,"column":131}}],"line":12},"4":{"loc":{"start":{"line":12,"column":132},"end":{"line":12,"column":193}},"type":"if","locations":[{"start":{"line":12,"column":132},"end":{"line":12,"column":193}},{"start":{"line":12,"column":132},"end":{"line":12,"column":193}}],"line":12},"5":{"loc":{"start":{"line":47,"column":13},"end":{"line":47,"column":49}},"type":"binary-expr","locations":[{"start":{"line":47,"column":13},"end":{"line":47,"column":34}},{"start":{"line":47,"column":38},"end":{"line":47,"column":49}}],"line":47},"6":{"loc":{"start":{"line":52,"column":13},"end":{"line":52,"column":50}},"type":"binary-expr","locations":[{"start":{"line":52,"column":13},"end":{"line":52,"column":35}},{"start":{"line":52,"column":39},"end":{"line":52,"column":50}}],"line":52},"7":{"loc":{"start":{"line":62,"column":19},"end":{"line":62,"column":76}},"type":"cond-expr","locations":[{"start":{"line":62,"column":35},"end":{"line":62,"column":38}},{"start":{"line":62,"column":41},"end":{"line":62,"column":76}}],"line":62},"8":{"loc":{"start":{"line":64,"column":13},"end":{"line":64,"column":55}},"type":"cond-expr","locations":[{"start":{"line":64,"column":37},"end":{"line":64,"column":38}},{"start":{"line":64,"column":41},"end":{"line":64,"column":55}}],"line":64},"9":{"loc":{"start":{"line":75,"column":13},"end":{"line":75,"column":39}},"type":"cond-expr","locations":[{"start":{"line":75,"column":29},"end":{"line":75,"column":30}},{"start":{"line":75,"column":33},"end":{"line":75,"column":39}}],"line":75},"10":{"loc":{"start":{"line":81,"column":13},"end":{"line":81,"column":39}},"type":"cond-expr","locations":[{"start":{"line":81,"column":29},"end":{"line":81,"column":30}},{"start":{"line":81,"column":33},"end":{"line":81,"column":39}}],"line":81},"11":{"loc":{"start":{"line":86,"column":13},"end":{"line":86,"column":79}},"type":"cond-expr","locations":[{"start":{"line":86,"column":38},"end":{"line":86,"column":75}},{"start":{"line":86,"column":78},"end":{"line":86,"column":79}}],"line":86},"12":{"loc":{"start":{"line":91,"column":13},"end":{"line":91,"column":68}},"type":"cond-expr","locations":[{"start":{"line":91,"column":38},"end":{"line":91,"column":64}},{"start":{"line":91,"column":67},"end":{"line":91,"column":68}}],"line":91},"13":{"loc":{"start":{"line":97,"column":13},"end":{"line":97,"column":47}},"type":"cond-expr","locations":[{"start":{"line":97,"column":26},"end":{"line":97,"column":38}},{"start":{"line":97,"column":41},"end":{"line":97,"column":47}}],"line":97}},"s":{"0":1,"1":1,"2":0,"3":0,"4":1,"5":11,"6":11,"7":11,"8":11,"9":9,"10":11,"11":1,"12":0,"13":1,"14":1,"15":1,"16":1,"17":1,"18":1,"19":0,"20":1,"21":38,"22":8,"23":29071,"24":29071,"25":29071,"26":29071,"27":29071,"28":29063,"29":20,"30":20,"31":35896,"32":35896,"33":11,"34":11,"35":24652,"36":24652,"37":5815,"38":49447,"39":1,"40":1,"41":1,"42":1},"f":{"0":0,"1":1,"2":1,"3":1,"4":0,"5":38,"6":8,"7":29071,"8":29063,"9":20,"10":35896,"11":11,"12":11,"13":24652,"14":5815,"15":49447},"b":{"0":[0,0],"1":[11,11],"2":[9,2],"3":[0,1],"4":[1,0],"5":[38,32],"6":[8,6],"7":[884,28187],"8":[1,29070],"9":[1,19],"10":[1,35895],"11":[10,1],"12":[10,1],"13":[18,24634]},"_coverageSchema":"43e27e138ebf9cfc5966b082cf9a028302ed4184","hash":"b29d332c5dc6712f174fa87e
[...]
umn":63},"end":{"line":26,"column":149}},"31":{"start":{"line":26,"column":152},"end":{"line":26,"column":164}},"32":{"start":{"line":28,"column":44},"end":{"line":28,"column":374}},"33":{"start":{"line":28,"column":97},"end":{"line":28,"column":116}},"34":{"start":{"line":28,"column":126},"end":{"line":28,"column":372}},"35":{"start":{"line":28,"column":188},"end":{"line":28,"column":220}},"36":{"start":{"line":28,"column":222},"end":{"line":28,"column":240}},"37":{"start":{"line":28,"column":233},"end":{"line":28,"column":240}},"38":{"start":{"line":28,"column":252},"end":{"line":28,"column":299}},"39":{"start":{"line":28,"column":301},"end":{"line":28,"column":350}},"40":{"start":{"line":28,"column":317},"end":{"line":28,"column":348}},"41":{"start":{"line":28,"column":351},"end":{"line":28,"column":369}},"42":{"start":{"line":28,"column":375},"end":{"line":28,"column":425}},"43":{"start":{"line":30,"column":44},"end":{"line":30,"column":173}},"44":{"start":{"line":30,"column":110},"end":{"line":30,"column":143}},"45":{"start":{"line":30,"column":144},"end":{"line":30,"column":171}},"46":{"start":{"line":30,"column":165},"end":{"line":30,"column":171}},"47":{"start":{"line":30,"column":174},"end":{"line":30,"column":188}},"48":{"start":{"line":32,"column":30},"end":{"line":32,"column":176}},"49":{"start":{"line":32,"column":126},"end":{"line":32,"column":173}},"50":{"start":{"line":32,"column":177},"end":{"line":32,"column":203}},"51":{"start":{"line":34,"column":43},"end":{"line":34,"column":182}},"52":{"start":{"line":34,"column":106},"end":{"line":34,"column":180}},"53":{"start":{"line":34,"column":183},"end":{"line":34,"column":328}},"54":{"start":{"line":34,"column":329},"end":{"line":34,"column":383}},"55":{"start":{"line":34,"column":345},"end":{"line":34,"column":383}},"56":{"start":{"line":36,"column":33},"end":{"line":36,"column":138}},"57":{"start":{"line":36,"column":109},"end":{"line":36,"column":125}},"58":{"start":{"line":36,"column":126},"end":{"line":36,"column":135}},"59":{"start":{"line":36,"column":139},"end":{"line":36,"column":168}},"60":{"start":{"line":50,"column":0},"end":{"line":219,"column":20}},"61":{"start":{"line":51,"column":2},"end":{"line":51,"column":33}},"62":{"start":{"line":56,"column":15},"end":{"line":56,"column":84}},"63":{"start":{"line":57,"column":16},"end":{"line":57,"column":85}},"64":{"start":{"line":58,"column":16},"end":{"line":58,"column":85}},"65":{"start":{"line":59,"column":16},"end":{"line":59,"column":96}},"66":{"start":{"line":61,"column":4},"end":{"line":61,"column":36}},"67":{"start":{"line":63,"column":4},"end":{"line":63,"column":103}},"68":{"start":{"line":75,"column":4},"end":{"line":75,"column":64}},"69":{"start":{"line":83,"column":4},"end":{"line":83,"column":26}},"70":{"start":{"line":91,"column":4},"end":{"line":91,"column":26}},"71":{"start":{"line":99,"column":4},"end":{"line":99,"column":33}},"72":{"start":{"line":107,"column":4},"end":{"line":107,"column":29}},"73":{"start":{"line":115,"column":4},"end":{"line":115,"column":31}},"74":{"start":{"line":116,"column":4},"end":{"line":116,"column":17}},"75":{"start":{"line":126,"column":2},"end":{"line":216,"column":6}},"76":{"start":{"line":138,"column":25},"end":{"line":138,"column":55}},"77":{"start":{"line":140,"column":26},"end":{"line":140,"column":111}},"78":{"start":{"line":142,"column":29},"end":{"line":142,"column":109}},"79":{"start":{"line":143,"column":6},"end":{"line":143,"column":58}},"80":{"start":{"line":144,"column":6},"end":{"line":144,"column":50}},"81":{"start":{"line":145,"column":6},"end":{"line":145,"column":48}},"82":{"start":{"line":146,"column":6},"end":{"line":146,"column":50}},"83":{"start":{"line":147,"column":6},"end":{"line":147,"column":54}},"84":{"start":{"line":148,"column":6},"end":{"line":148,"column":48}},"85":{"start":{"line":150,"column":6},"end":{"line":150,"column":39}},"86":{"start":{"line":151,"column":6},"end":{"line":151,"column":30}},"87":{"start":{"line":156,"column":6},"end":{"line":156,"column":119}},"88":{"start":{"line":161,"column":6},"end":{"line":161,"column":23}},"89":{"start":{"line":178,"column":6},"end":{"line":178,"column":23}},"90":{"start":{"line":190,"column":6},"end":{"line":190,"column":29}},"91":{"start":{"line":202,"column":6},"end":{"line":202,"column":32}},"92":{"start":{"line":214,"column":6},"end":{"line":214,"column":51}},"93":{"start":{"line":218,"column":2},"end":{"line":218,"column":18}},"94":{"start":{"line":221,"column":15},"end":{"line":221,"column":23}},"95":{"start":{"line":222,"column":0},"end":{"line":222,"column":27}},"96":{"start":{"line":223,"column":0},"end":{"line":223,"column":33}}},"fnMap":{"0":{"name":"_interopRequireDefault","decl":{"start":{"line":14,"column":9},"end":{"line":14,"column":31}},"loc":{"start":{"line":14,"column":37},"end":{"line":14,"column":95}},"line":14},"1":{"name":"_typeof","decl":{"start":{"line":16,"column":9},"end":{"line":16,"column":16}},"loc":{"start":{"line":16,"column":22},"end":{"line":16,"column":351}},"line":16},"2":{"name":"_typeof","decl":{"start":{"line":16,"column":118},"end":{"line":16,"column":125}},"loc":{"start":{"line":16,"column":131},"end":{"line":16,"column":153}},"line":16},"3":{"name":"_typeof","decl":{"start":{"line":16,"column":183},"end":{"line":16,"column":190}},"loc":{"start":{"line":16,"column":196},"end":{"line":16,"column":325}},"line":16},"4":{"name":"_classCallCheck","decl":{"start":{"line":18,"column":9},"end":{"line":18,"column":24}},"loc":{"start":{"line":18,"column":48},"end":{"line":18,"column":153}},"line":18},"5":{"name":"_defineProperties","decl":{"start":{"line":20,"column":9},"end":{"line":20,"column":26}},"loc":{"start":{"line":20,"column":42},"end":{"line":20,"column":317}},"line":20},"6":{"name":"_createClass","decl":{"start":{"line":22,"column":9},"end":{"line":22,"column":21}},"loc":{"start":{"line":22,"column":60},"end":{"line":22,"column":215}},"line":22},"7":{"name":"_possibleConstructorReturn","decl":{"start":{"line":24,"column":9},"end":{"line":24,"column":35}},"loc":{"start":{"line":24,"column":48},"end":{"line":24,"column":177}},"line":24},"8":{"name":"_assertThisInitialized","decl":{"start":{"line":26,"column":9},"end":{"line":26,"column":31}},"loc":{"start":{"line":26,"column":38},"end":{"line":26,"column":166}},"line":26},"9":{"name":"_get","decl":{"start":{"line":28,"column":9},"end":{"line":28,"column":13}},"loc":{"start":{"line":28,"column":42},"end":{"line":28,"column":427}},"line":28},"10":{"name":"_get","decl":{"start":{"line":28,"column":142},"end":{"line":28,"column":146}},"loc":{"start":{"line":28,"column":175},"end":{"line":28,"column":371}},"line":28},"11":{"name":"_superPropBase","decl":{"start":{"line":30,"column":9},"end":{"line":30,"column":23}},"loc":{"start":{"line":30,"column":42},"end":{"line":30,"column":190}},"line":30},"12":{"name":"_getPrototypeOf","decl":{"start":{"line":32,"column":9},"end":{"line":32,"column":24}},"loc":{"start":{"line":32,"column":28},"end":{"line":32,"column":205}},"line":32},"13":{"name":"_getPrototypeOf","decl":{"start":{"line":32,"column":105},"end":{"line":32,"column":120}},"loc":{"start":{"line":32,"column":124},"end":{"line":32,"column":175}},"line":32},"14":{"name":"_inherits","decl":{"start":{"line":34,"column":9},"end":{"line":34,"column":18}},"loc":{"start":{"line":34,"column":41},"end":{"line":34,"column":385}},"line":34},"15":{"name":"_setPrototypeOf","decl":{"start":{"line":36,"column":9},"end":{"line":36,"column":24}},"loc":{"start":{"line":36,"column":31},"end":{"line":36,"column":170}},"line":36},"16":{"name":"_setPrototypeOf","decl":{"start":{"line":36,"column":85},"end":{"line":36,"column":100}},"loc":{"start":{"line":36,"column":107},"end":{"line":36,"column":137}},"line":36},"17":{"name":"(anonymous_17)","decl":{"start":{"line":50,"column":0},"end":{"line":50,"column":1}},"loc":{"start":{"line":50,"column":21},"end":{"line":219,"column":1}},"line":50},"18":{"name":"SakaDate","decl":{"start":{"line":53,"column":11},"end":{"line":53,"column":19}},"loc":{"start":{"line":53,"column":22},"end":{"line":117,"column":3}},"line":53},"19":{"name":"generateKollavarshamDate","decl":{"start":{"line":136,"column":20},"end":{"line":136,"column":44}},"loc":{"start":{"line":136,"column":47},"end":{"line":152,"column":5}},"line":136},"20":{"name":"toString","decl":{"start":{"line":155,"column":20},"end":{"line":155,"column":28}},"loc":{"start":{"line":155,"column":31},"end":{"line":157,"column":5}},"line":155},"21":{"name":"get","decl":{"start":{"line":160,"column":18},"end":{"line":160,"column":21}},"loc":{"start":{"line":160,"column":24},"end":{"line":162,"column":5}},"line":160},"22":{"name":"get","decl":{"start":{"line":177,"column":18},"end":{"line":177,"column":21}},"loc":{"start":{"line":177,"column":24},"end":{"line":179,"column":5}},"line":177},"23":{"name":"get","decl":{"start":{"line":189,"column":18},"end":{"line":189,"column":21}},"loc":{"start":{"line":189,"column":24},"end":{"line":191,"column":5}},"line":189},"24":{"name":"get","decl":{"start":{"line":201,"column":18},"end":{"line":201,"column":21}},"loc":{"start":{"line":201,"column":24},"end":{"line":203,"column":5}},"line":201},"25":{"name":"get","decl":{"start":{"line":213,"column":18},"end":{"line":213,"column":21}},"loc":{"start":{"line":213,"column":24},"end":{"line":215,"column":5}},"line":213}},"branchMap":{"0":{"loc":{"start":{"line":14,"column":46},"end":{"line":14,"column":92}},"type":"cond-expr","locations":[{"start":{"line":14,"column":70},"end":{"line":14,"column":73}},{"start":{"line":14,"column":76},"end":{"line":14,"column":92}}],"line":14},"1":{"loc":{"start":{"line":14,"column":46},"end":{"line":14,"column":67}},"type":"binary-expr","locations":[{"start":{"line":14,"column":46},"end":{"line":14,"column":49}},{"start":{"line":14,"column":53},"end":{"line":14,"column":67}}],"line":14},"2":{"loc":{"start":{"line":16,"column":24},"end":{"line":16,"column":328}},"type":"if","locations":[{"start":{"line":16,"column":24},"end":{"line":16,"column":328}},{"start":{"line":16,"column":24},"end":{"line":16,"column":328}}],"line":16},"3":{"loc":{"start":{"line":16,"column":28},"end":{"line":16,"column":95}},"type":"binary-expr","locations":[{"start":{"line":16,"column":28},"end":{"line":16,"column":56}},{"start":{"line":16,"column":60},"end":{"line":16,"column":95}}],"line":16},"4":{"loc":{"start":{"line":16,"column":205},"end":{"line":16,"column":322}},"type":"cond-expr","locations":[{"start":{"line":16,"column":301},"end":{"line":16,"column":309}},{"start":{"line":16,"column":312},"end":{"line":16,"column":322}}],"line":16},"5":{"loc":{"start":{"line":16,"column":205},"end":{"line":16,"column":298}},"type":"binary-expr","locations":[{"start":{"line":16,"column":205},"end":{"line":16,"column":208}},{"start":{"line":16,"column":212},"end":{"line":16,"column":240}},{"start":{"line":16,"column":244},"end":{"line":16,"column":270}},{"start":{"line":16,"column":274},"end":{"line":16,"column":298}}],"line":16},"6":{"loc":{"start":{"line":18,"column":50},"end":{"line":18,"column":151}},"type":"if","locations":[{"start":{"line":18,"column":50},"end":{"line":18,"column":151}},{"start":{"line":18,"column":50},"end":{"line":18,"column":151}}],"line":18},"7":{"loc":{"start":{"line":20,"column":136},"end":{"line":20,"column":166}},"type":"binary-expr","locations":[{"start":{"line":20,"column":136},"end":{"line":20,"column":157}},{"start":{"line":20,"column":161},"end":{"line":20,"column":166}}],"line":20},"8":{"loc":{"start":{"line":20,"column":200},"end":{"line":20,"column":254}},"type":"if","locations":[{"start":{"line":20,"column":200},"end":{"line":20,"column":254}},{"start":{"line":20,"column":200},"end":{"line":20,"column":254}}],"line":20},"9":{"loc":{"start":{"line":22,"column":62},"end":{"line":22,"column":131}},"type":"if","locations":[{"start":{"line":22,"column":62},"end":{"line":22,"column":131}},{"start":{"line":22,"column":62},"end":{"line":22,"column":131}}],"line":22},"10":{"loc":{"start":{"line":22,"column":132},"end":{"line":22,"column":193}},"type":"if","locations":[{"start":{"line":22,"column":132},"end":{"line":22,"column":193}},{"start":{"line":22,"column":132},"end":{"line":22,"column":193}}],"line":22},"11":{"loc":{"start":{"line":24,"column":50},"end":{"line":24,"column":138}},"type":"if","locations":[{"start":{"line":24,"column":50},"end":{"line":24,"column":138}},{"start":{"line":24,"column":50},"end":{"line":24,"column":138}}],"line":24},"12":{"loc":{"start":{"line":24,"column":54},"end":{"line":24,"column":120}},"type":"binary-expr","locations":[{"start":{"line":24,"column":54},"end":{"line":24,"column":58}},{"start":{"line":24,"column":63},"end":{"line":24,"column":89}},{"start":{"line":24,"column":93},"end":{"line":24,"column":119}}],"line":24},"13":{"loc":{"start":{"line":26,"column":40},"end":{"line":26,"column":151}},"type":"if","locations":[{"start":{"line":26,"column":40},"end":{"line":26,"column":151}},{"start":{"line":26,"column":40},"end":{"line":26,"column":151}}],"line":26},"14":{"loc":{"start":{"line":28,"column":44},"end":{"line":28,"column":374}},"type":"if","locations":[{"start":{"line":28,"column":44},"end":{"line":28,"column":374}},{"start":{"line":28,"column":44},"end":{"line":28,"column":374}}],"line":28},"15":{"loc":{"start":{"line":28,"column":48},"end":{"line":28,"column":93}},"type":"binary-expr","locations":[{"start":{"line":28,"column":48},"end":{"line":28,"column":78}},{"start":{"line":28,"column":82},"end":{"line":28,"column":93}}],"line":28},"16":{"loc":{"start":{"line":28,"column":222},"end":{"line":28,"column":240}},"type":"if","locations":[{"start":{"line":28,"column":222},"end":{"line":28,"column":240}},{"start":{"line":28,"column":222},"end":{"line":28,"column":240}}],"line":28},"17":{"loc":{"start":{"line":28,"column":301},"end":{"line":28,"column":350}},"type":"if","locations":[{"start":{"line":28,"column":301},"end":{"line":28,"column":350}},{"start":{"line":28,"column":301},"end":{"line":28,"column":350}}],"line":28},"18":{"loc":{"start":{"line":28,"column":405},"end":{"line":28,"column":423}},"type":"binary-expr","locations":[{"start":{"line":28,"column":405},"end":{"line":28,"column":413}},{"start":{"line":28,"column":417},"end":{"line":28,"column":423}}],"line":28},"19":{"loc":{"start":{"line":30,"column":144},"end":{"line":30,"column":171}},"type":"if","locations":[{"start":{"line":30,"column":144},"end":{"line":30,"column":171}},{"start":{"line":30,"column":144},"end":{"line":30,"column":171}}],"line":30},"20":{"loc":{"start":{"line":32,"column":48},"end":{"line":32,"column":175}},"type":"cond-expr","locations":[{"start":{"line":32,"column":72},"end":{"line":32,"column":93}},{"start":{"line":32,"column":96},"end":{"line":32,"column":175}}],"line":32},"21":{"loc":{"start":{"line":32,"column":133},"end":{"line":32,"column":172}},"type":"binary-expr","locations":[{"start":{"line":32,"column":133},"end":{"line":32,"column":144}},{"start":{"line":32,"column":148},"end":{"line":32,"column":172}}],"line":32},"22":{"loc":{"start":{"line":34,"column":43},"end":{"line":34,"column":182}},"type":"if","locations":[{"start":{"line":34,"column":43},"end":{"line":34,"column":182}},{"start":{"line":34,"column":43},"end":{"line":34,"column":182}}],"line":34},"23":{"loc":{"start":{"line":34,"column":47},"end":{"line":34,"column":102}},"type":"binary-expr","locations":[{"start":{"line":34,"column":47},"end":{"line":34,"column":79}},{"start":{"line":34,"column":83},"end":{"line":34,"column":102}}],"line":34},"24":{"loc":{"start":{"line":34,"column":218},"end":{"line":34,"column":252}},"type":"binary-expr","locations":[{"start":{"line":34,"column":218},"end":{"line":34,"column":228}},{"start":{"line":34,"column":232},"end":{"line":34,"column":252}}],"line":34},"25":{"loc":{"start":{"line":34,"column":329},"end":{"line":34,"column":383}},"type":"if","locations":[{"start":{"line":34,"column":329},"end":{"line":34,"column":383}},{"start":{"line":34,"column":329},"end":{"line":34,"column":383}}],"line":34},"26":{"loc":{"start":{"line":36,"column":51},"end":{"line":36,"column":137}},"type":"binary-expr","locations":[{"start":{"line":36,"column":51},"end":{"line":36,"column":72}},{"start":{"line":36,"column":76},"end":{"line":36,"column":137}}],"line":36},"27":{"loc":{"start":{"line":56,"column":15},"end":{"line":56,"column":84}},"type":"cond-expr","locations":[{"start":{"line":56,"column":68},"end":{"line":56,"column":80}},{"start":{"line":56,"column":83},"end":{"line":56,"column":84}}],"line":56},"28":{"loc":{"start":{"line":56,"column":15},"end":{"line":56,"column":65}},"type":"binary-expr","locations":[{"start":{"line":56,"column":15},"end":{"line":56,"column":35}},{"start":{"line":56,"column":39},"end":{"line":56,"column":65}}],"line":56},"29":{"loc":{"start":{"line":57,"column":16},"end":{"line":57,"column":85}},"type":"cond-expr","locations":[{"start":{"line":57,"column":69},"end":{"line":57,"column":81}},{"start":{"line":57,"column":84},"end":{"line":57,"column":85}}],"line":57},"30":{"loc":{"start":{"line":57,"column":16},"end":{"line":57,"column":66}},"type":"binary-expr","locations":[{"start":{"line":57,"column":16},"end":{"line":57,"column":36}},{"start":{"line":57,"column":40},"end":{"line":57,"column":66}}],"line":57},"31":{"loc":{"start":{"line":58,"column":16},"end":{"line":58,"column":85}},"type":"cond-expr","locations":[{"start":{"line":58,"column":69},"end":{"line":58,"column":81}},{"start":{"line":58,"column":84},"end":{"line":58,"column":85}}],"line":58},"32":{"loc":{"start":{"line":58,"column":16},"end":{"line":58,"column":66}},"type":"binary-expr","locations":[{"start":{"line":58,"column":16},"end":{"line":58,"column":36}},{"start":{"line":58,"column":40},"end":{"line":58,"column":66}}],"line":58},"33":{"loc":{"start":{"line":59,"column":16},"end":{"line":59,"column":96}},"type":"cond-expr","locations":[{"start":{"line":59,"column":69},"end":{"line":59,"column":81}},{"start":{"line":59,"column":84},"end":{"line":59,"column":96}}],"line":59},"34":{"loc":{"start":{"line":59,"column":16},"end":{"line":59,"column":66}},"type":"binary-expr","locations":[{"start":{"line":59,"column":16},"end":{"line":59,"column":36}},{"start":{"line":59,"column":40},"end":{"line":59,"column":66}}],"line":59},"35":{"loc":{"start":{"line":75,"column":18},"end":{"line":75,"column":63}},"type":"cond-expr","locations":[{"start":{"line":75,"column":43},"end":{"line":75,"column":48}},{"start":{"line":75,"column":51},"end":{"line":75,"column":63}}],"line":75}},"s":{"0":1,"1":1,"2":1,"3":1,"4":1,"5":3,"6":0,"7":0,"8":0,"9":0,"10":0,"11":0,"12":26,"13":0,"14":1,"15":7,"16":7,"17":7,"18":7,"19":2,"20":7,"21":1,"22":1,"23":1,"24":0,"25":1,"26":26,"27":0,"28":26,"29":26,"30":0,"31":26,"32":1,"33":1,"34":0,"35":0,"36":0,"37":0,"38":0,"39":0,"40":0,"41":0,"42":1,"43":0,"44":0,"45":0,"46":0,"47":0,"48":1,"49":0,"50":1,"51":1,"52":0,"53":1,"54":1,"55":1,"56":1,"57":0,"58":0,"59":1,"60":1,"61":1,"62":26,"63":26,"64":26,"65":26,"66":26,"67":26,"68":26,"69":26,"70":26,"71":26,"72":26,"73":26,"74":26,"75":1,"76":4,"77":4,"78":4,"79":4,"80":4,"81":4,"82":4,"83":4,"84":4,"85":4,"86":4,"87":3,"88":2,"89":8,"90":5,"91":5,"92":3,"93":1,"94":1,"95":1,"96":1},"f":{"0":3,"1":0,"2":0,"3":0,"4":26,"5":1,"6":1,"7":26,"8":26,"9":1,"10":0,"11":0,"12":1,"13":0,"14":1,"15":1,"16":0,"17":1,"18":26,"19":4,"20":3,"21":2,"22":8,"23":5,"24":5,"25":3},"b":{"0":[0,3],"1":[3,3],"2":[0,0],"3":[0,0],"4":[0,0],"5":[0,0,0,0],"6":[0,26],"7":[7,7],"8":[2,5],"9":[1,0],"10":[0,1],"11":[0,26],"12":[26,0,0],"13":[0,26],"14":[1,0],"15":[1,1],"16":[0,0],"17":[0,0],"18":[1,0],"19":[0,0],"20":[1,0],"21":[0,0],"22":[0,1],"23":[1,0],"24":[1,1],"25":[1,0],"26":[1,0],"27":[23,3],"28":[26,23],"29":[23,3],"30":[26,23],"31":[23,3],"32":[26,23],"33":[22,4],"34":[26,22],"35":[16,10]},"_coverageSchema":"43e27e138ebf9cfc5966b082cf9a028302ed4184","hash":"ae75c539152d070f35d9463b95f5c63c39ad8bcc","contentHash":"b90ef290e933167bb1e4030154c48a11"}}